<?xml version="1.0" encoding="UTF-8"?>
<coverage generated="1639993230">
  <project timestamp="1639993230">
    <package name="App\Controller">
      <file name="/home/fjean/dev/projets-openClassrooms/dev_app/drafts/P6/snowtriks/src/Controller/HomepageController.php">
        <class name="App\Controller\HomepageController" namespace="App\Controller">
          <metrics complexity="3" methods="3" coveredmethods="3" conditionals="0" coveredconditionals="0" statements="6" coveredstatements="6" elements="9" coveredelements="9"/>
        </class>
        <line num="14" type="method" name="__construct" visibility="public" complexity="1" crap="1" count="3"/>
        <line num="16" type="stmt" count="3"/>
        <line num="17" type="stmt" count="3"/>
        <line num="22" type="method" name="index" visibility="public" complexity="1" crap="1" count="2"/>
        <line num="24" type="stmt" count="2"/>
        <line num="25" type="stmt" count="2"/>
        <line num="32" type="method" name="loadMore" visibility="public" complexity="1" crap="1" count="1"/>
        <line num="34" type="stmt" count="1"/>
        <line num="35" type="stmt" count="1"/>
        <metrics loc="38" ncloc="32" classes="1" methods="3" coveredmethods="3" conditionals="0" coveredconditionals="0" statements="6" coveredstatements="6" elements="9" coveredelements="9"/>
      </file>
      <file name="/home/fjean/dev/projets-openClassrooms/dev_app/drafts/P6/snowtriks/src/Controller/SecurityController.php">
        <class name="App\Controller\SecurityController" namespace="App\Controller">
          <metrics complexity="15" methods="6" coveredmethods="1" conditionals="0" coveredconditionals="0" statements="35" coveredstatements="3" elements="41" coveredelements="4"/>
        </class>
        <line num="26" type="method" name="registration" visibility="public" complexity="3" crap="12.00" count="0"/>
        <line num="28" type="stmt" count="0"/>
        <line num="29" type="stmt" count="0"/>
        <line num="30" type="stmt" count="0"/>
        <line num="32" type="stmt" count="0"/>
        <line num="35" type="stmt" count="0"/>
        <line num="36" type="stmt" count="0"/>
        <line num="39" type="stmt" count="0"/>
        <line num="40" type="stmt" count="0"/>
        <line num="47" type="method" name="login" visibility="public" complexity="1" crap="1" count="2"/>
        <line num="53" type="stmt" count="2"/>
        <line num="55" type="stmt" count="2"/>
        <line num="57" type="stmt" count="2"/>
        <line num="68" type="method" name="userAccount" visibility="public" complexity="3" crap="12.00" count="0"/>
        <line num="70" type="stmt" count="0"/>
        <line num="72" type="stmt" count="0"/>
        <line num="73" type="stmt" count="0"/>
        <line num="75" type="stmt" count="0"/>
        <line num="76" type="stmt" count="0"/>
        <line num="79" type="stmt" count="0"/>
        <line num="80" type="stmt" count="0"/>
        <line num="81" type="stmt" count="0"/>
        <line num="88" type="method" name="confirmAccount" visibility="public" complexity="1" crap="2.00" count="0"/>
        <line num="91" type="stmt" count="0"/>
        <line num="92" type="stmt" count="0"/>
        <line num="98" type="method" name="forgottenPassword" visibility="public" complexity="3" crap="12.00" count="0"/>
        <line num="100" type="stmt" count="0"/>
        <line num="101" type="stmt" count="0"/>
        <line num="103" type="stmt" count="0"/>
        <line num="105" type="stmt" count="0"/>
        <line num="106" type="stmt" count="0"/>
        <line num="109" type="stmt" count="0"/>
        <line num="110" type="stmt" count="0"/>
        <line num="117" type="method" name="resetPassword" visibility="public" complexity="3" crap="12.00" count="0"/>
        <line num="119" type="stmt" count="0"/>
        <line num="120" type="stmt" count="0"/>
        <line num="121" type="stmt" count="0"/>
        <line num="123" type="stmt" count="0"/>
        <line num="124" type="stmt" count="0"/>
        <line num="127" type="stmt" count="0"/>
        <line num="128" type="stmt" count="0"/>
        <metrics loc="131" ncloc="88" classes="1" methods="6" coveredmethods="1" conditionals="0" coveredconditionals="0" statements="35" coveredstatements="3" elements="41" coveredelements="4"/>
      </file>
      <file name="/home/fjean/dev/projets-openClassrooms/dev_app/drafts/P6/snowtriks/src/Controller/TrickController.php">
        <class name="App\Controller\TrickController" namespace="App\Controller">
          <metrics complexity="17" methods="6" coveredmethods="2" conditionals="0" coveredconditionals="0" statements="48" coveredstatements="28" elements="54" coveredelements="30"/>
        </class>
        <line num="27" type="method" name="__construct" visibility="public" complexity="1" crap="1" count="5"/>
        <line num="29" type="stmt" count="5"/>
        <line num="30" type="stmt" count="5"/>
        <line num="31" type="stmt" count="5"/>
        <line num="32" type="stmt" count="5"/>
        <line num="37" type="method" name="addTrick" visibility="public" complexity="5" crap="8.12" count="2"/>
        <line num="39" type="stmt" count="2"/>
        <line num="40" type="stmt" count="2"/>
        <line num="41" type="stmt" count="2"/>
        <line num="43" type="stmt" count="2"/>
        <line num="44" type="stmt" count="2"/>
        <line num="45" type="stmt" count="0"/>
        <line num="46" type="stmt" count="0"/>
        <line num="48" type="stmt" count="0"/>
        <line num="49" type="stmt" count="0"/>
        <line num="51" type="stmt" count="0"/>
        <line num="52" type="stmt" count="0"/>
        <line num="54" type="stmt" count="0"/>
        <line num="58" type="stmt" count="2"/>
        <line num="59" type="stmt" count="2"/>
        <line num="66" type="method" name="editTrick" visibility="public" complexity="6" crap="13.78" count="1"/>
        <line num="68" type="stmt" count="1"/>
        <line num="70" type="stmt" count="1"/>
        <line num="71" type="stmt" count="1"/>
        <line num="72" type="stmt" count="0"/>
        <line num="73" type="stmt" count="0"/>
        <line num="76" type="stmt" count="0"/>
        <line num="77" type="stmt" count="0"/>
        <line num="78" type="stmt" count="0"/>
        <line num="79" type="stmt" count="0"/>
        <line num="81" type="stmt" count="0"/>
        <line num="83" type="stmt" count="0"/>
        <line num="84" type="stmt" count="0"/>
        <line num="88" type="stmt" count="1"/>
        <line num="89" type="stmt" count="1"/>
        <line num="90" type="stmt" count="1"/>
        <line num="97" type="method" name="show" visibility="public" complexity="3" crap="3" count="2"/>
        <line num="100" type="stmt" count="2"/>
        <line num="102" type="stmt" count="2"/>
        <line num="103" type="stmt" count="2"/>
        <line num="104" type="stmt" count="2"/>
        <line num="106" type="stmt" count="2"/>
        <line num="109" type="stmt" count="1"/>
        <line num="110" type="stmt" count="1"/>
        <line num="113" type="stmt" count="2"/>
        <line num="114" type="stmt" count="2"/>
        <line num="115" type="stmt" count="2"/>
        <line num="116" type="stmt" count="2"/>
        <line num="123" type="method" name="loadComments" visibility="public" complexity="1" crap="2.00" count="0"/>
        <line num="125" type="stmt" count="0"/>
        <line num="126" type="stmt" count="0"/>
        <line num="133" type="method" name="delete" visibility="public" complexity="1" crap="2.00" count="0"/>
        <line num="136" type="stmt" count="0"/>
        <line num="137" type="stmt" count="0"/>
        <metrics loc="139" ncloc="114" classes="1" methods="6" coveredmethods="2" conditionals="0" coveredconditionals="0" statements="48" coveredstatements="28" elements="54" coveredelements="30"/>
      </file>
    </package>
    <package name="App\DataFixtures">
      <file name="/home/fjean/dev/projets-openClassrooms/dev_app/drafts/P6/snowtriks/src/DataFixtures/TrickFixtures.php">
        <class name="App\DataFixtures\TrickFixtures" namespace="App\DataFixtures">
          <metrics complexity="10" methods="2" coveredmethods="0" conditionals="0" coveredconditionals="0" statements="127" coveredstatements="0" elements="129" coveredelements="0"/>
        </class>
        <line num="22" type="method" name="__construct" visibility="public" complexity="1" crap="2.00" count="0"/>
        <line num="25" type="stmt" count="0"/>
        <line num="26" type="stmt" count="0"/>
        <line num="27" type="stmt" count="0"/>
        <line num="29" type="method" name="load" visibility="public" complexity="9" crap="90.00" count="0"/>
        <line num="32" type="stmt" count="0"/>
        <line num="33" type="stmt" count="0"/>
        <line num="34" type="stmt" count="0"/>
        <line num="35" type="stmt" count="0"/>
        <line num="36" type="stmt" count="0"/>
        <line num="37" type="stmt" count="0"/>
        <line num="40" type="stmt" count="0"/>
        <line num="41" type="stmt" count="0"/>
        <line num="42" type="stmt" count="0"/>
        <line num="43" type="stmt" count="0"/>
        <line num="44" type="stmt" count="0"/>
        <line num="48" type="stmt" count="0"/>
        <line num="49" type="stmt" count="0"/>
        <line num="50" type="stmt" count="0"/>
        <line num="51" type="stmt" count="0"/>
        <line num="52" type="stmt" count="0"/>
        <line num="53" type="stmt" count="0"/>
        <line num="54" type="stmt" count="0"/>
        <line num="55" type="stmt" count="0"/>
        <line num="56" type="stmt" count="0"/>
        <line num="57" type="stmt" count="0"/>
        <line num="58" type="stmt" count="0"/>
        <line num="59" type="stmt" count="0"/>
        <line num="60" type="stmt" count="0"/>
        <line num="61" type="stmt" count="0"/>
        <line num="62" type="stmt" count="0"/>
        <line num="63" type="stmt" count="0"/>
        <line num="64" type="stmt" count="0"/>
        <line num="65" type="stmt" count="0"/>
        <line num="66" type="stmt" count="0"/>
        <line num="67" type="stmt" count="0"/>
        <line num="68" type="stmt" count="0"/>
        <line num="69" type="stmt" count="0"/>
        <line num="70" type="stmt" count="0"/>
        <line num="71" type="stmt" count="0"/>
        <line num="72" type="stmt" count="0"/>
        <line num="73" type="stmt" count="0"/>
        <line num="74" type="stmt" count="0"/>
        <line num="75" type="stmt" count="0"/>
        <line num="76" type="stmt" count="0"/>
        <line num="77" type="stmt" count="0"/>
        <line num="83" type="stmt" count="0"/>
        <line num="84" type="stmt" count="0"/>
        <line num="98" type="stmt" count="0"/>
        <line num="99" type="stmt" count="0"/>
        <line num="102" type="stmt" count="0"/>
        <line num="103" type="stmt" count="0"/>
        <line num="111" type="stmt" count="0"/>
        <line num="112" type="stmt" count="0"/>
        <line num="117" type="stmt" count="0"/>
        <line num="118" type="stmt" count="0"/>
        <line num="132" type="stmt" count="0"/>
        <line num="133" type="stmt" count="0"/>
        <line num="136" type="stmt" count="0"/>
        <line num="137" type="stmt" count="0"/>
        <line num="151" type="stmt" count="0"/>
        <line num="152" type="stmt" count="0"/>
        <line num="157" type="stmt" count="0"/>
        <line num="158" type="stmt" count="0"/>
        <line num="171" type="stmt" count="0"/>
        <line num="172" type="stmt" count="0"/>
        <line num="177" type="stmt" count="0"/>
        <line num="178" type="stmt" count="0"/>
        <line num="186" type="stmt" count="0"/>
        <line num="187" type="stmt" count="0"/>
        <line num="190" type="stmt" count="0"/>
        <line num="191" type="stmt" count="0"/>
        <line num="203" type="stmt" count="0"/>
        <line num="204" type="stmt" count="0"/>
        <line num="209" type="stmt" count="0"/>
        <line num="210" type="stmt" count="0"/>
        <line num="223" type="stmt" count="0"/>
        <line num="224" type="stmt" count="0"/>
        <line num="229" type="stmt" count="0"/>
        <line num="230" type="stmt" count="0"/>
        <line num="240" type="stmt" count="0"/>
        <line num="241" type="stmt" count="0"/>
        <line num="246" type="stmt" count="0"/>
        <line num="247" type="stmt" count="0"/>
        <line num="258" type="stmt" count="0"/>
        <line num="259" type="stmt" count="0"/>
        <line num="264" type="stmt" count="0"/>
        <line num="265" type="stmt" count="0"/>
        <line num="266" type="stmt" count="0"/>
        <line num="268" type="stmt" count="0"/>
        <line num="270" type="stmt" count="0"/>
        <line num="271" type="stmt" count="0"/>
        <line num="272" type="stmt" count="0"/>
        <line num="273" type="stmt" count="0"/>
        <line num="274" type="stmt" count="0"/>
        <line num="275" type="stmt" count="0"/>
        <line num="276" type="stmt" count="0"/>
        <line num="277" type="stmt" count="0"/>
        <line num="278" type="stmt" count="0"/>
        <line num="280" type="stmt" count="0"/>
        <line num="281" type="stmt" count="0"/>
        <line num="282" type="stmt" count="0"/>
        <line num="283" type="stmt" count="0"/>
        <line num="284" type="stmt" count="0"/>
        <line num="285" type="stmt" count="0"/>
        <line num="286" type="stmt" count="0"/>
        <line num="288" type="stmt" count="0"/>
        <line num="289" type="stmt" count="0"/>
        <line num="291" type="stmt" count="0"/>
        <line num="292" type="stmt" count="0"/>
        <line num="293" type="stmt" count="0"/>
        <line num="295" type="stmt" count="0"/>
        <line num="296" type="stmt" count="0"/>
        <line num="298" type="stmt" count="0"/>
        <line num="299" type="stmt" count="0"/>
        <line num="301" type="stmt" count="0"/>
        <line num="303" type="stmt" count="0"/>
        <line num="305" type="stmt" count="0"/>
        <line num="306" type="stmt" count="0"/>
        <line num="307" type="stmt" count="0"/>
        <line num="308" type="stmt" count="0"/>
        <line num="310" type="stmt" count="0"/>
        <line num="312" type="stmt" count="0"/>
        <line num="313" type="stmt" count="0"/>
        <line num="314" type="stmt" count="0"/>
        <line num="315" type="stmt" count="0"/>
        <line num="317" type="stmt" count="0"/>
        <line num="320" type="stmt" count="0"/>
        <line num="321" type="stmt" count="0"/>
        <metrics loc="321" ncloc="313" classes="1" methods="2" coveredmethods="0" conditionals="0" coveredconditionals="0" statements="127" coveredstatements="0" elements="129" coveredelements="0"/>
      </file>
    </package>
    <package name="App\Entity">
      <file name="/home/fjean/dev/projets-openClassrooms/dev_app/drafts/P6/snowtriks/src/Entity/Category.php">
        <class name="App\Entity\Category" namespace="App\Entity">
          <metrics complexity="10" methods="6" coveredmethods="1" conditionals="0" coveredconditionals="0" statements="8" coveredstatements="1" elements="14" coveredelements="2"/>
        </class>
        <line num="30" type="method" name="getId" visibility="public" complexity="2" crap="6.00" count="0"/>
        <line num="32" type="stmt" count="0"/>
        <line num="35" type="method" name="getName" visibility="public" complexity="2" crap="2" count="5"/>
        <line num="37" type="stmt" count="5"/>
        <line num="40" type="method" name="setName" visibility="public" complexity="1" crap="2.00" count="0"/>
        <line num="42" type="stmt" count="0"/>
        <line num="44" type="stmt" count="0"/>
        <line num="47" type="method" name="getDescription" visibility="public" complexity="2" crap="6.00" count="0"/>
        <line num="49" type="stmt" count="0"/>
        <line num="52" type="method" name="setDescription" visibility="public" complexity="2" crap="6.00" count="0"/>
        <line num="54" type="stmt" count="0"/>
        <line num="56" type="stmt" count="0"/>
        <line num="62" type="method" name="__toString" visibility="public" complexity="1" crap="2.00" count="0"/>
        <line num="64" type="stmt" count="0"/>
        <metrics loc="66" ncloc="49" classes="1" methods="6" coveredmethods="1" conditionals="0" coveredconditionals="0" statements="8" coveredstatements="1" elements="14" coveredelements="2"/>
      </file>
      <file name="/home/fjean/dev/projets-openClassrooms/dev_app/drafts/P6/snowtriks/src/Entity/Comment.php">
        <class name="App\Entity\Comment" namespace="App\Entity">
          <metrics complexity="17" methods="10" coveredmethods="7" conditionals="0" coveredconditionals="0" statements="15" coveredstatements="11" elements="25" coveredelements="18"/>
        </class>
        <line num="46" type="method" name="__construct" visibility="public" complexity="1" crap="1" count="2"/>
        <line num="48" type="stmt" count="2"/>
        <line num="49" type="stmt" count="2"/>
        <line num="51" type="method" name="getId" visibility="public" complexity="2" crap="6.00" count="0"/>
        <line num="53" type="stmt" count="0"/>
        <line num="56" type="method" name="getUser" visibility="public" complexity="2" crap="2" count="2"/>
        <line num="58" type="stmt" count="2"/>
        <line num="61" type="method" name="setUser" visibility="public" complexity="2" crap="2" count="2"/>
        <line num="63" type="stmt" count="2"/>
        <line num="65" type="stmt" count="2"/>
        <line num="68" type="method" name="getTrick" visibility="public" complexity="2" crap="6.00" count="0"/>
        <line num="70" type="stmt" count="0"/>
        <line num="73" type="method" name="setTrick" visibility="public" complexity="2" crap="2" count="1"/>
        <line num="75" type="stmt" count="1"/>
        <line num="77" type="stmt" count="1"/>
        <line num="80" type="method" name="getPostedAt" visibility="public" complexity="2" crap="2" count="2"/>
        <line num="82" type="stmt" count="2"/>
        <line num="85" type="method" name="setPostedAt" visibility="public" complexity="1" crap="2.00" count="0"/>
        <line num="87" type="stmt" count="0"/>
        <line num="89" type="stmt" count="0"/>
        <line num="92" type="method" name="getContent" visibility="public" complexity="2" crap="2" count="2"/>
        <line num="94" type="stmt" count="2"/>
        <line num="97" type="method" name="setContent" visibility="public" complexity="1" crap="1" count="1"/>
        <line num="99" type="stmt" count="1"/>
        <line num="101" type="stmt" count="1"/>
        <metrics loc="103" ncloc="78" classes="1" methods="10" coveredmethods="7" conditionals="0" coveredconditionals="0" statements="15" coveredstatements="11" elements="25" coveredelements="18"/>
      </file>
      <file name="/home/fjean/dev/projets-openClassrooms/dev_app/drafts/P6/snowtriks/src/Entity/Illustration.php">
        <class name="App\Entity\Illustration" namespace="App\Entity">
          <metrics complexity="11" methods="7" coveredmethods="1" conditionals="0" coveredconditionals="0" statements="10" coveredstatements="1" elements="17" coveredelements="2"/>
        </class>
        <line num="37" type="method" name="getId" visibility="public" complexity="2" crap="6.00" count="0"/>
        <line num="39" type="stmt" count="0"/>
        <line num="42" type="method" name="getPath" visibility="public" complexity="2" crap="2" count="6"/>
        <line num="44" type="stmt" count="6"/>
        <line num="47" type="method" name="setPath" visibility="public" complexity="1" crap="2.00" count="0"/>
        <line num="49" type="stmt" count="0"/>
        <line num="51" type="stmt" count="0"/>
        <line num="54" type="method" name="getTrick" visibility="public" complexity="2" crap="6.00" count="0"/>
        <line num="56" type="stmt" count="0"/>
        <line num="59" type="method" name="setTrick" visibility="public" complexity="2" crap="6.00" count="0"/>
        <line num="61" type="stmt" count="0"/>
        <line num="63" type="stmt" count="0"/>
        <line num="70" type="method" name="getFile" visibility="public" complexity="1" crap="2.00" count="0"/>
        <line num="72" type="stmt" count="0"/>
        <line num="80" type="method" name="setFile" visibility="public" complexity="1" crap="2.00" count="0"/>
        <line num="82" type="stmt" count="0"/>
        <line num="84" type="stmt" count="0"/>
        <metrics loc="86" ncloc="59" classes="1" methods="7" coveredmethods="1" conditionals="0" coveredconditionals="0" statements="10" coveredstatements="1" elements="17" coveredelements="2"/>
      </file>
      <file name="/home/fjean/dev/projets-openClassrooms/dev_app/drafts/P6/snowtriks/src/Entity/Trick.php">
        <class name="App\Entity\Trick" namespace="App\Entity">
          <metrics complexity="31" methods="21" coveredmethods="11" conditionals="0" coveredconditionals="0" statements="39" coveredstatements="16" elements="60" coveredelements="27"/>
        </class>
        <line num="88" type="method" name="__construct" visibility="public" complexity="1" crap="1" count="2"/>
        <line num="90" type="stmt" count="2"/>
        <line num="91" type="stmt" count="2"/>
        <line num="92" type="stmt" count="2"/>
        <line num="93" type="stmt" count="2"/>
        <line num="94" type="stmt" count="2"/>
        <line num="96" type="method" name="getId" visibility="public" complexity="2" crap="2" count="2"/>
        <line num="98" type="stmt" count="2"/>
        <line num="101" type="method" name="getUser" visibility="public" complexity="2" crap="6.00" count="0"/>
        <line num="103" type="stmt" count="0"/>
        <line num="106" type="method" name="setUser" visibility="public" complexity="2" crap="2" count="2"/>
        <line num="108" type="stmt" count="2"/>
        <line num="110" type="stmt" count="2"/>
        <line num="113" type="method" name="getName" visibility="public" complexity="2" crap="2" count="8"/>
        <line num="115" type="stmt" count="8"/>
        <line num="118" type="method" name="setName" visibility="public" complexity="1" crap="2.00" count="0"/>
        <line num="120" type="stmt" count="0"/>
        <line num="122" type="stmt" count="0"/>
        <line num="125" type="method" name="getCategory" visibility="public" complexity="2" crap="2" count="5"/>
        <line num="127" type="stmt" count="5"/>
        <line num="130" type="method" name="setCategory" visibility="public" complexity="2" crap="6.00" count="0"/>
        <line num="132" type="stmt" count="0"/>
        <line num="134" type="stmt" count="0"/>
        <line num="137" type="method" name="getDescription" visibility="public" complexity="2" crap="2" count="5"/>
        <line num="139" type="stmt" count="5"/>
        <line num="142" type="method" name="setDescription" visibility="public" complexity="1" crap="2.00" count="0"/>
        <line num="144" type="stmt" count="0"/>
        <line num="146" type="stmt" count="0"/>
        <line num="149" type="method" name="getAddedAt" visibility="public" complexity="2" crap="2" count="2"/>
        <line num="151" type="stmt" count="2"/>
        <line num="154" type="method" name="setAddedAt" visibility="public" complexity="1" crap="2.00" count="0"/>
        <line num="156" type="stmt" count="0"/>
        <line num="158" type="stmt" count="0"/>
        <line num="161" type="method" name="getSlug" visibility="public" complexity="2" crap="2" count="6"/>
        <line num="163" type="stmt" count="6"/>
        <line num="166" type="method" name="setSlug" visibility="public" complexity="2" crap="6.00" count="0"/>
        <line num="168" type="stmt" count="0"/>
        <line num="170" type="stmt" count="0"/>
        <line num="176" type="method" name="getComments" visibility="public" complexity="1" crap="1" count="2"/>
        <line num="178" type="stmt" count="2"/>
        <line num="184" type="method" name="getIllustrations" visibility="public" complexity="1" crap="1" count="8"/>
        <line num="186" type="stmt" count="8"/>
        <line num="193" type="method" name="addIllustration" visibility="public" complexity="1" crap="2.00" count="0"/>
        <line num="195" type="stmt" count="0"/>
        <line num="196" type="stmt" count="0"/>
        <line num="197" type="stmt" count="0"/>
        <line num="203" type="method" name="removeIllustration" visibility="public" complexity="1" crap="2.00" count="0"/>
        <line num="205" type="stmt" count="0"/>
        <line num="206" type="stmt" count="0"/>
        <line num="207" type="stmt" count="0"/>
        <line num="212" type="method" name="getVideos" visibility="public" complexity="1" crap="1" count="5"/>
        <line num="214" type="stmt" count="5"/>
        <line num="221" type="method" name="addVideo" visibility="public" complexity="1" crap="2.00" count="0"/>
        <line num="223" type="stmt" count="0"/>
        <line num="224" type="stmt" count="0"/>
        <line num="225" type="stmt" count="0"/>
        <line num="231" type="method" name="removeVideo" visibility="public" complexity="1" crap="2.00" count="0"/>
        <line num="233" type="stmt" count="0"/>
        <line num="234" type="stmt" count="0"/>
        <line num="235" type="stmt" count="0"/>
        <metrics loc="236" ncloc="157" classes="1" methods="21" coveredmethods="11" conditionals="0" coveredconditionals="0" statements="39" coveredstatements="16" elements="60" coveredelements="27"/>
      </file>
      <file name="/home/fjean/dev/projets-openClassrooms/dev_app/drafts/P6/snowtriks/src/Entity/User.php">
        <class name="App\Entity\User" namespace="App\Entity">
          <metrics complexity="43" methods="30" coveredmethods="10" conditionals="0" coveredconditionals="0" statements="46" coveredstatements="13" elements="76" coveredelements="23"/>
        </class>
        <line num="119" type="method" name="__construct" visibility="public" complexity="1" crap="2.00" count="0"/>
        <line num="121" type="stmt" count="0"/>
        <line num="123" type="stmt" count="0"/>
        <line num="124" type="stmt" count="0"/>
        <line num="126" type="method" name="getId" visibility="public" complexity="2" crap="6.00" count="0"/>
        <line num="128" type="stmt" count="0"/>
        <line num="131" type="method" name="getEmail" visibility="public" complexity="2" crap="6.00" count="0"/>
        <line num="133" type="stmt" count="0"/>
        <line num="136" type="method" name="setEmail" visibility="public" complexity="1" crap="2.00" count="0"/>
        <line num="138" type="stmt" count="0"/>
        <line num="140" type="stmt" count="0"/>
        <line num="143" type="method" name="getUserName" visibility="public" complexity="2" crap="2" count="3"/>
        <line num="145" type="stmt" count="3"/>
        <line num="148" type="method" name="setUserName" visibility="public" complexity="1" crap="2.00" count="0"/>
        <line num="150" type="stmt" count="0"/>
        <line num="152" type="stmt" count="0"/>
        <line num="155" type="method" name="getAvatar" visibility="public" complexity="2" crap="2" count="2"/>
        <line num="157" type="stmt" count="2"/>
        <line num="160" type="method" name="setAvatar" visibility="public" complexity="1" crap="2.00" count="0"/>
        <line num="162" type="stmt" count="0"/>
        <line num="164" type="stmt" count="0"/>
        <line num="171" type="method" name="getAvatarFile" visibility="public" complexity="1" crap="2.00" count="0"/>
        <line num="173" type="stmt" count="0"/>
        <line num="181" type="method" name="setAvatarFile" visibility="public" complexity="1" crap="2.00" count="0"/>
        <line num="183" type="stmt" count="0"/>
        <line num="185" type="stmt" count="0"/>
        <line num="188" type="method" name="getPlainPassword" visibility="public" complexity="1" crap="2.00" count="0"/>
        <line num="190" type="stmt" count="0"/>
        <line num="193" type="method" name="setPlainPassword" visibility="public" complexity="1" crap="2.00" count="0"/>
        <line num="195" type="stmt" count="0"/>
        <line num="196" type="stmt" count="0"/>
        <line num="198" type="method" name="getPassword" visibility="public" complexity="2" crap="2" count="3"/>
        <line num="200" type="stmt" count="3"/>
        <line num="203" type="method" name="setPassword" visibility="public" complexity="1" crap="2.00" count="0"/>
        <line num="205" type="stmt" count="0"/>
        <line num="207" type="stmt" count="0"/>
        <line num="210" type="method" name="getRoles" visibility="public" complexity="1" crap="1" count="2"/>
        <line num="212" type="stmt" count="2"/>
        <line num="214" type="stmt" count="2"/>
        <line num="216" type="stmt" count="2"/>
        <line num="219" type="method" name="setRoles" visibility="public" complexity="1" crap="2.00" count="0"/>
        <line num="221" type="stmt" count="0"/>
        <line num="223" type="stmt" count="0"/>
        <line num="226" type="method" name="getSalt" visibility="public" complexity="1" crap="1" count="3"/>
        <line num="228" type="stmt" count="3"/>
        <line num="231" type="method" name="eraseCredentials" visibility="public" complexity="1" crap="1" count="1"/>
        <line num="233" type="stmt" count="1"/>
        <line num="238" type="method" name="__toString" visibility="public" complexity="1" crap="2.00" count="0"/>
        <line num="240" type="stmt" count="0"/>
        <line num="243" type="method" name="serialize" visibility="public" complexity="1" crap="1" count="2"/>
        <line num="245" type="stmt" count="2"/>
        <line num="248" type="method" name="unserialize" visibility="public" complexity="1" crap="1" count="2"/>
        <line num="250" type="stmt" count="2"/>
        <line num="251" type="stmt" count="2"/>
        <line num="253" type="method" name="getToken" visibility="public" complexity="2" crap="6.00" count="0"/>
        <line num="255" type="stmt" count="0"/>
        <line num="258" type="method" name="setToken" visibility="public" complexity="2" crap="6.00" count="0"/>
        <line num="260" type="stmt" count="0"/>
        <line num="262" type="stmt" count="0"/>
        <line num="265" type="method" name="getEnabled" visibility="public" complexity="2" crap="2" count="1"/>
        <line num="267" type="stmt" count="1"/>
        <line num="270" type="method" name="setEnabled" visibility="public" complexity="1" crap="2.00" count="0"/>
        <line num="272" type="stmt" count="0"/>
        <line num="274" type="stmt" count="0"/>
        <line num="277" type="method" name="getResetToken" visibility="public" complexity="2" crap="6.00" count="0"/>
        <line num="279" type="stmt" count="0"/>
        <line num="282" type="method" name="setResetToken" visibility="public" complexity="2" crap="6.00" count="0"/>
        <line num="284" type="stmt" count="0"/>
        <line num="286" type="stmt" count="0"/>
        <line num="289" type="method" name="getResetPassword" visibility="public" complexity="2" crap="6.00" count="0"/>
        <line num="291" type="stmt" count="0"/>
        <line num="294" type="method" name="setResetPassword" visibility="public" complexity="2" crap="6.00" count="0"/>
        <line num="296" type="stmt" count="0"/>
        <line num="298" type="stmt" count="0"/>
        <line num="301" type="method" name="getUserIdentifier" visibility="public" complexity="2" crap="2" count="2"/>
        <line num="303" type="stmt" count="2"/>
        <metrics loc="304" ncloc="209" classes="1" methods="30" coveredmethods="10" conditionals="0" coveredconditionals="0" statements="46" coveredstatements="13" elements="76" coveredelements="23"/>
      </file>
      <file name="/home/fjean/dev/projets-openClassrooms/dev_app/drafts/P6/snowtriks/src/Entity/Video.php">
        <class name="App\Entity\Video" namespace="App\Entity">
          <metrics complexity="9" methods="5" coveredmethods="1" conditionals="0" coveredconditionals="0" statements="7" coveredstatements="1" elements="12" coveredelements="2"/>
        </class>
        <line num="31" type="method" name="getId" visibility="public" complexity="2" crap="6.00" count="0"/>
        <line num="33" type="stmt" count="0"/>
        <line num="36" type="method" name="getUrl" visibility="public" complexity="2" crap="2" count="3"/>
        <line num="38" type="stmt" count="3"/>
        <line num="41" type="method" name="setUrl" visibility="public" complexity="1" crap="2.00" count="0"/>
        <line num="43" type="stmt" count="0"/>
        <line num="45" type="stmt" count="0"/>
        <line num="48" type="method" name="getTrick" visibility="public" complexity="2" crap="6.00" count="0"/>
        <line num="50" type="stmt" count="0"/>
        <line num="53" type="method" name="setTrick" visibility="public" complexity="2" crap="6.00" count="0"/>
        <line num="55" type="stmt" count="0"/>
        <line num="57" type="stmt" count="0"/>
        <metrics loc="59" ncloc="44" classes="1" methods="5" coveredmethods="1" conditionals="0" coveredconditionals="0" statements="7" coveredstatements="1" elements="12" coveredelements="2"/>
      </file>
    </package>
    <package name="App\Form">
      <file name="/home/fjean/dev/projets-openClassrooms/dev_app/drafts/P6/snowtriks/src/Form/CommentType.php">
        <class name="App\Form\CommentType" namespace="App\Form">
          <metrics complexity="2" methods="2" coveredmethods="2" conditionals="0" coveredconditionals="0" statements="6" coveredstatements="6" elements="8" coveredelements="8"/>
        </class>
        <line num="13" type="method" name="buildForm" visibility="public" complexity="1" crap="1" count="2"/>
        <line num="16" type="stmt" count="2"/>
        <line num="17" type="stmt" count="2"/>
        <line num="23" type="stmt" count="2"/>
        <line num="25" type="method" name="configureOptions" visibility="public" complexity="1" crap="1" count="2"/>
        <line num="27" type="stmt" count="2"/>
        <line num="28" type="stmt" count="2"/>
        <line num="30" type="stmt" count="2"/>
        <metrics loc="31" ncloc="31" classes="1" methods="2" coveredmethods="2" conditionals="0" coveredconditionals="0" statements="6" coveredstatements="6" elements="8" coveredelements="8"/>
      </file>
      <file name="/home/fjean/dev/projets-openClassrooms/dev_app/drafts/P6/snowtriks/src/Form/ForgottenPasswordType.php">
        <class name="App\Form\ForgottenPasswordType" namespace="App\Form">
          <metrics complexity="2" methods="2" coveredmethods="0" conditionals="0" coveredconditionals="0" statements="6" coveredstatements="0" elements="8" coveredelements="0"/>
        </class>
        <line num="12" type="method" name="buildForm" visibility="public" complexity="1" crap="2.00" count="0"/>
        <line num="15" type="stmt" count="0"/>
        <line num="16" type="stmt" count="0"/>
        <line num="19" type="stmt" count="0"/>
        <line num="21" type="method" name="configureOptions" visibility="public" complexity="1" crap="2.00" count="0"/>
        <line num="23" type="stmt" count="0"/>
        <line num="25" type="stmt" count="0"/>
        <line num="26" type="stmt" count="0"/>
        <metrics loc="27" ncloc="25" classes="1" methods="2" coveredmethods="0" conditionals="0" coveredconditionals="0" statements="6" coveredstatements="0" elements="8" coveredelements="0"/>
      </file>
      <file name="/home/fjean/dev/projets-openClassrooms/dev_app/drafts/P6/snowtriks/src/Form/IllustrationType.php">
        <class name="App\Form\IllustrationType" namespace="App\Form">
          <metrics complexity="3" methods="2" coveredmethods="2" conditionals="0" coveredconditionals="0" statements="10" coveredstatements="10" elements="12" coveredelements="12"/>
        </class>
        <line num="16" type="method" name="buildForm" visibility="public" complexity="2" crap="2" count="3"/>
        <line num="19" type="stmt" count="3"/>
        <line num="21" type="stmt" count="3"/>
        <line num="22" type="stmt" count="3"/>
        <line num="23" type="stmt" count="3"/>
        <line num="24" type="stmt" count="3"/>
        <line num="28" type="stmt" count="3"/>
        <line num="29" type="stmt" count="3"/>
        <line num="31" type="method" name="configureOptions" visibility="public" complexity="1" crap="1" count="3"/>
        <line num="33" type="stmt" count="3"/>
        <line num="34" type="stmt" count="3"/>
        <line num="36" type="stmt" count="3"/>
        <metrics loc="37" ncloc="37" classes="1" methods="2" coveredmethods="2" conditionals="0" coveredconditionals="0" statements="10" coveredstatements="10" elements="12" coveredelements="12"/>
      </file>
      <file name="/home/fjean/dev/projets-openClassrooms/dev_app/drafts/P6/snowtriks/src/Form/RegisterType.php">
        <class name="App\Form\RegisterType" namespace="App\Form">
          <metrics complexity="2" methods="2" coveredmethods="0" conditionals="0" coveredconditionals="0" statements="10" coveredstatements="0" elements="12" coveredelements="0"/>
        </class>
        <line num="16" type="method" name="buildForm" visibility="public" complexity="1" crap="2.00" count="0"/>
        <line num="19" type="stmt" count="0"/>
        <line num="20" type="stmt" count="0"/>
        <line num="22" type="stmt" count="0"/>
        <line num="23" type="stmt" count="0"/>
        <line num="25" type="stmt" count="0"/>
        <line num="26" type="stmt" count="0"/>
        <line num="32" type="stmt" count="0"/>
        <line num="34" type="method" name="configureOptions" visibility="public" complexity="1" crap="2.00" count="0"/>
        <line num="36" type="stmt" count="0"/>
        <line num="37" type="stmt" count="0"/>
        <line num="39" type="stmt" count="0"/>
        <metrics loc="40" ncloc="40" classes="1" methods="2" coveredmethods="0" conditionals="0" coveredconditionals="0" statements="10" coveredstatements="0" elements="12" coveredelements="0"/>
      </file>
      <file name="/home/fjean/dev/projets-openClassrooms/dev_app/drafts/P6/snowtriks/src/Form/ResetPasswordType.php">
        <class name="App\Form\ResetPasswordType" namespace="App\Form">
          <metrics complexity="2" methods="2" coveredmethods="0" conditionals="0" coveredconditionals="0" statements="6" coveredstatements="0" elements="8" coveredelements="0"/>
        </class>
        <line num="13" type="method" name="buildForm" visibility="public" complexity="1" crap="2.00" count="0"/>
        <line num="16" type="stmt" count="0"/>
        <line num="17" type="stmt" count="0"/>
        <line num="23" type="stmt" count="0"/>
        <line num="25" type="method" name="configureOptions" visibility="public" complexity="1" crap="2.00" count="0"/>
        <line num="27" type="stmt" count="0"/>
        <line num="28" type="stmt" count="0"/>
        <line num="29" type="stmt" count="0"/>
        <metrics loc="30" ncloc="30" classes="1" methods="2" coveredmethods="0" conditionals="0" coveredconditionals="0" statements="6" coveredstatements="0" elements="8" coveredelements="0"/>
      </file>
      <file name="/home/fjean/dev/projets-openClassrooms/dev_app/drafts/P6/snowtriks/src/Form/TrickType.php">
        <class name="App\Form\TrickType" namespace="App\Form">
          <metrics complexity="2" methods="2" coveredmethods="2" conditionals="0" coveredconditionals="0" statements="14" coveredstatements="14" elements="16" coveredelements="16"/>
        </class>
        <line num="17" type="method" name="buildForm" visibility="public" complexity="1" crap="1" count="3"/>
        <line num="20" type="stmt" count="3"/>
        <line num="21" type="stmt" count="3"/>
        <line num="26" type="stmt" count="3"/>
        <line num="27" type="stmt" count="3"/>
        <line num="32" type="stmt" count="3"/>
        <line num="33" type="stmt" count="3"/>
        <line num="40" type="stmt" count="3"/>
        <line num="41" type="stmt" count="3"/>
        <line num="48" type="stmt" count="3"/>
        <line num="49" type="stmt" count="3"/>
        <line num="57" type="stmt" count="3"/>
        <line num="59" type="method" name="configureOptions" visibility="public" complexity="1" crap="1" count="3"/>
        <line num="61" type="stmt" count="3"/>
        <line num="62" type="stmt" count="3"/>
        <line num="64" type="stmt" count="3"/>
        <metrics loc="65" ncloc="65" classes="1" methods="2" coveredmethods="2" conditionals="0" coveredconditionals="0" statements="14" coveredstatements="14" elements="16" coveredelements="16"/>
      </file>
      <file name="/home/fjean/dev/projets-openClassrooms/dev_app/drafts/P6/snowtriks/src/Form/UserType.php">
        <class name="App\Form\UserType" namespace="App\Form">
          <metrics complexity="2" methods="2" coveredmethods="0" conditionals="0" coveredconditionals="0" statements="6" coveredstatements="0" elements="8" coveredelements="0"/>
        </class>
        <line num="14" type="method" name="buildForm" visibility="public" complexity="1" crap="2.00" count="0"/>
        <line num="17" type="stmt" count="0"/>
        <line num="18" type="stmt" count="0"/>
        <line num="21" type="stmt" count="0"/>
        <line num="23" type="method" name="configureOptions" visibility="public" complexity="1" crap="2.00" count="0"/>
        <line num="25" type="stmt" count="0"/>
        <line num="26" type="stmt" count="0"/>
        <line num="29" type="stmt" count="0"/>
        <metrics loc="30" ncloc="30" classes="1" methods="2" coveredmethods="0" conditionals="0" coveredconditionals="0" statements="6" coveredstatements="0" elements="8" coveredelements="0"/>
      </file>
      <file name="/home/fjean/dev/projets-openClassrooms/dev_app/drafts/P6/snowtriks/src/Form/VideoType.php">
        <class name="App\Form\VideoType" namespace="App\Form">
          <metrics complexity="2" methods="2" coveredmethods="2" conditionals="0" coveredconditionals="0" statements="6" coveredstatements="6" elements="8" coveredelements="8"/>
        </class>
        <line num="13" type="method" name="buildForm" visibility="public" complexity="1" crap="1" count="3"/>
        <line num="16" type="stmt" count="3"/>
        <line num="17" type="stmt" count="3"/>
        <line num="20" type="stmt" count="3"/>
        <line num="22" type="method" name="configureOptions" visibility="public" complexity="1" crap="1" count="3"/>
        <line num="24" type="stmt" count="3"/>
        <line num="25" type="stmt" count="3"/>
        <line num="27" type="stmt" count="3"/>
        <metrics loc="28" ncloc="28" classes="1" methods="2" coveredmethods="2" conditionals="0" coveredconditionals="0" statements="6" coveredstatements="6" elements="8" coveredelements="8"/>
      </file>
    </package>
    <package name="App">
      <file name="/home/fjean/dev/projets-openClassrooms/dev_app/drafts/P6/snowtriks/src/Kernel.php">
        <class name="App\Kernel" namespace="App">
          <metrics complexity="6" methods="2" coveredmethods="0" conditionals="0" coveredconditionals="0" statements="15" coveredstatements="0" elements="17" coveredelements="0"/>
        </class>
        <line num="14" type="method" name="configureContainer" visibility="protected" complexity="3" crap="12.00" count="0"/>
        <line num="16" type="stmt" count="0"/>
        <line num="17" type="stmt" count="0"/>
        <line num="19" type="stmt" count="0"/>
        <line num="20" type="stmt" count="0"/>
        <line num="21" type="stmt" count="0"/>
        <line num="22" type="stmt" count="0"/>
        <line num="23" type="stmt" count="0"/>
        <line num="25" type="stmt" count="0"/>
        <line num="27" type="method" name="configureRoutes" visibility="protected" complexity="3" crap="12.00" count="0"/>
        <line num="29" type="stmt" count="0"/>
        <line num="30" type="stmt" count="0"/>
        <line num="32" type="stmt" count="0"/>
        <line num="33" type="stmt" count="0"/>
        <line num="34" type="stmt" count="0"/>
        <line num="35" type="stmt" count="0"/>
        <line num="37" type="stmt" count="0"/>
        <metrics loc="38" ncloc="38" classes="1" methods="2" coveredmethods="0" conditionals="0" coveredconditionals="0" statements="15" coveredstatements="0" elements="17" coveredelements="0"/>
      </file>
    </package>
    <package name="App\Repository">
      <file name="/home/fjean/dev/projets-openClassrooms/dev_app/drafts/P6/snowtriks/src/Repository/CategoryRepository.php">
        <class name="App\Repository\CategoryRepository" namespace="App\Repository">
          <metrics complexity="1" methods="1" coveredmethods="1" conditionals="0" coveredconditionals="0" statements="2" coveredstatements="2" elements="3" coveredelements="3"/>
        </class>
        <line num="17" type="method" name="__construct" visibility="public" complexity="1" crap="1" count="3"/>
        <line num="19" type="stmt" count="3"/>
        <line num="20" type="stmt" count="3"/>
        <metrics loc="50" ncloc="14" classes="1" methods="1" coveredmethods="1" conditionals="0" coveredconditionals="0" statements="2" coveredstatements="2" elements="3" coveredelements="3"/>
      </file>
      <file name="/home/fjean/dev/projets-openClassrooms/dev_app/drafts/P6/snowtriks/src/Repository/CommentRepository.php">
        <class name="App\Repository\CommentRepository" namespace="App\Repository">
          <metrics complexity="2" methods="2" coveredmethods="2" conditionals="0" coveredconditionals="0" statements="9" coveredstatements="9" elements="11" coveredelements="11"/>
        </class>
        <line num="18" type="method" name="__construct" visibility="public" complexity="1" crap="1" count="5"/>
        <line num="20" type="stmt" count="5"/>
        <line num="21" type="stmt" count="5"/>
        <line num="23" type="method" name="getComments" visibility="public" complexity="1" crap="1" count="2"/>
        <line num="25" type="stmt" count="2"/>
        <line num="26" type="stmt" count="2"/>
        <line num="27" type="stmt" count="2"/>
        <line num="28" type="stmt" count="2"/>
        <line num="29" type="stmt" count="2"/>
        <line num="30" type="stmt" count="2"/>
        <line num="32" type="stmt" count="2"/>
        <metrics loc="34" ncloc="28" classes="1" methods="2" coveredmethods="2" conditionals="0" coveredconditionals="0" statements="9" coveredstatements="9" elements="11" coveredelements="11"/>
      </file>
      <file name="/home/fjean/dev/projets-openClassrooms/dev_app/drafts/P6/snowtriks/src/Repository/IllustrationRepository.php">
        <class name="App\Repository\IllustrationRepository" namespace="App\Repository">
          <metrics complexity="1" methods="1" coveredmethods="0" conditionals="0" coveredconditionals="0" statements="2" coveredstatements="0" elements="3" coveredelements="0"/>
        </class>
        <line num="17" type="method" name="__construct" visibility="public" complexity="1" crap="2.00" count="0"/>
        <line num="19" type="stmt" count="0"/>
        <line num="20" type="stmt" count="0"/>
        <metrics loc="50" ncloc="14" classes="1" methods="1" coveredmethods="0" conditionals="0" coveredconditionals="0" statements="2" coveredstatements="0" elements="3" coveredelements="0"/>
      </file>
      <file name="/home/fjean/dev/projets-openClassrooms/dev_app/drafts/P6/snowtriks/src/Repository/TrickRepository.php">
        <class name="App\Repository\TrickRepository" namespace="App\Repository">
          <metrics complexity="2" methods="2" coveredmethods="2" conditionals="0" coveredconditionals="0" statements="7" coveredstatements="7" elements="9" coveredelements="9"/>
        </class>
        <line num="17" type="method" name="__construct" visibility="public" complexity="1" crap="1" count="8"/>
        <line num="19" type="stmt" count="8"/>
        <line num="20" type="stmt" count="8"/>
        <line num="22" type="method" name="getTricks" visibility="public" complexity="1" crap="1" count="3"/>
        <line num="24" type="stmt" count="3"/>
        <line num="25" type="stmt" count="3"/>
        <line num="26" type="stmt" count="3"/>
        <line num="27" type="stmt" count="3"/>
        <line num="29" type="stmt" count="3"/>
        <metrics loc="31" ncloc="25" classes="1" methods="2" coveredmethods="2" conditionals="0" coveredconditionals="0" statements="7" coveredstatements="7" elements="9" coveredelements="9"/>
      </file>
      <file name="/home/fjean/dev/projets-openClassrooms/dev_app/drafts/P6/snowtriks/src/Repository/UserRepository.php">
        <class name="App\Repository\UserRepository" namespace="App\Repository">
          <metrics complexity="1" methods="1" coveredmethods="1" conditionals="0" coveredconditionals="0" statements="2" coveredstatements="2" elements="3" coveredelements="3"/>
        </class>
        <line num="17" type="method" name="__construct" visibility="public" complexity="1" crap="1" count="9"/>
        <line num="19" type="stmt" count="9"/>
        <line num="20" type="stmt" count="9"/>
        <metrics loc="50" ncloc="14" classes="1" methods="1" coveredmethods="1" conditionals="0" coveredconditionals="0" statements="2" coveredstatements="2" elements="3" coveredelements="3"/>
      </file>
      <file name="/home/fjean/dev/projets-openClassrooms/dev_app/drafts/P6/snowtriks/src/Repository/VideoRepository.php">
        <class name="App\Repository\VideoRepository" namespace="App\Repository">
          <metrics complexity="1" methods="1" coveredmethods="0" conditionals="0" coveredconditionals="0" statements="2" coveredstatements="0" elements="3" coveredelements="0"/>
        </class>
        <line num="17" type="method" name="__construct" visibility="public" complexity="1" crap="2.00" count="0"/>
        <line num="19" type="stmt" count="0"/>
        <line num="20" type="stmt" count="0"/>
        <metrics loc="50" ncloc="14" classes="1" methods="1" coveredmethods="0" conditionals="0" coveredconditionals="0" statements="2" coveredstatements="0" elements="3" coveredelements="0"/>
      </file>
    </package>
    <package name="App\Security">
      <file name="/home/fjean/dev/projets-openClassrooms/dev_app/drafts/P6/snowtriks/src/Security/LoginFormAuthenticator.php">
        <class name="App\Security\LoginFormAuthenticator" namespace="App\Security">
          <metrics complexity="8" methods="5" coveredmethods="4" conditionals="0" coveredconditionals="0" statements="12" coveredstatements="11" elements="17" coveredelements="15"/>
        </class>
        <line num="29" type="method" name="__construct" visibility="public" complexity="1" crap="1" count="9"/>
        <line num="31" type="stmt" count="9"/>
        <line num="32" type="stmt" count="9"/>
        <line num="33" type="stmt" count="9"/>
        <line num="35" type="method" name="supports" visibility="public" complexity="2" crap="2" count="9"/>
        <line num="37" type="stmt" count="9"/>
        <line num="40" type="method" name="authenticate" visibility="public" complexity="1" crap="1" count="2"/>
        <line num="42" type="stmt" count="2"/>
        <line num="43" type="stmt" count="2"/>
        <line num="44" type="stmt" count="2"/>
        <line num="45" type="stmt" count="2"/>
        <line num="49" type="method" name="onAuthenticationSuccess" visibility="public" complexity="3" crap="3.33" count="1"/>
        <line num="51" type="stmt" count="1"/>
        <line num="52" type="stmt" count="0"/>
        <line num="55" type="stmt" count="1"/>
        <line num="58" type="method" name="getLoginUrl" visibility="protected" complexity="1" crap="1" count="3"/>
        <line num="60" type="stmt" count="3"/>
        <metrics loc="62" ncloc="62" classes="1" methods="5" coveredmethods="4" conditionals="0" coveredconditionals="0" statements="12" coveredstatements="11" elements="17" coveredelements="15"/>
      </file>
      <file name="/home/fjean/dev/projets-openClassrooms/dev_app/drafts/P6/snowtriks/src/Security/UserChecker.php">
        <class name="App\Security\UserChecker" namespace="App\Security">
          <metrics complexity="5" methods="2" coveredmethods="0" conditionals="0" coveredconditionals="0" statements="8" coveredstatements="5" elements="10" coveredelements="5"/>
        </class>
        <line num="12" type="method" name="checkPreAuth" visibility="public" complexity="2" crap="2.15" count="2"/>
        <line num="14" type="stmt" count="2"/>
        <line num="15" type="stmt" count="0"/>
        <line num="17" type="stmt" count="2"/>
        <line num="19" type="method" name="checkPostAuth" visibility="public" complexity="3" crap="3.58" count="1"/>
        <line num="21" type="stmt" count="1"/>
        <line num="22" type="stmt" count="0"/>
        <line num="25" type="stmt" count="1"/>
        <line num="26" type="stmt" count="0"/>
        <line num="28" type="stmt" count="1"/>
        <metrics loc="28" ncloc="28" classes="1" methods="2" coveredmethods="0" conditionals="0" coveredconditionals="0" statements="8" coveredstatements="5" elements="10" coveredelements="5"/>
      </file>
    </package>
    <package name="App\Service">
      <file name="/home/fjean/dev/projets-openClassrooms/dev_app/drafts/P6/snowtriks/src/Service/AddIllustration.php">
        <class name="App\Service\AddIllustration" namespace="App\Service">
          <metrics complexity="3" methods="2" coveredmethods="1" conditionals="0" coveredconditionals="0" statements="17" coveredstatements="4" elements="19" coveredelements="5"/>
        </class>
        <line num="15" type="method" name="__construct" visibility="public" complexity="1" crap="1" count="2"/>
        <line num="17" type="stmt" count="2"/>
        <line num="18" type="stmt" count="2"/>
        <line num="19" type="stmt" count="2"/>
        <line num="20" type="stmt" count="2"/>
        <line num="22" type="method" name="addIllustration" visibility="public" complexity="2" crap="6.00" count="0"/>
        <line num="24" type="stmt" count="0"/>
        <line num="25" type="stmt" count="0"/>
        <line num="26" type="stmt" count="0"/>
        <line num="28" type="stmt" count="0"/>
        <line num="29" type="stmt" count="0"/>
        <line num="30" type="stmt" count="0"/>
        <line num="32" type="stmt" count="0"/>
        <line num="33" type="stmt" count="0"/>
        <line num="37" type="stmt" count="0"/>
        <line num="40" type="stmt" count="0"/>
        <line num="41" type="stmt" count="0"/>
        <line num="44" type="stmt" count="0"/>
        <line num="45" type="stmt" count="0"/>
        <metrics loc="45" ncloc="44" classes="1" methods="2" coveredmethods="1" conditionals="0" coveredconditionals="0" statements="17" coveredstatements="4" elements="19" coveredelements="5"/>
      </file>
      <file name="/home/fjean/dev/projets-openClassrooms/dev_app/drafts/P6/snowtriks/src/Service/ConfirmAccount.php">
        <class name="App\Service\ConfirmAccount" namespace="App\Service">
          <metrics complexity="2" methods="2" coveredmethods="0" conditionals="0" coveredconditionals="0" statements="9" coveredstatements="0" elements="11" coveredelements="0"/>
        </class>
        <line num="13" type="method" name="__construct" visibility="public" complexity="1" crap="2.00" count="0"/>
        <line num="15" type="stmt" count="0"/>
        <line num="16" type="stmt" count="0"/>
        <line num="17" type="stmt" count="0"/>
        <line num="19" type="method" name="accountActivator" visibility="public" complexity="1" crap="2.00" count="0"/>
        <line num="20" type="stmt" count="0"/>
        <line num="21" type="stmt" count="0"/>
        <line num="22" type="stmt" count="0"/>
        <line num="23" type="stmt" count="0"/>
        <line num="24" type="stmt" count="0"/>
        <line num="25" type="stmt" count="0"/>
        <metrics loc="25" ncloc="25" classes="1" methods="2" coveredmethods="0" conditionals="0" coveredconditionals="0" statements="9" coveredstatements="0" elements="11" coveredelements="0"/>
      </file>
      <file name="/home/fjean/dev/projets-openClassrooms/dev_app/drafts/P6/snowtriks/src/Service/CreateComment.php">
        <class name="App\Service\CreateComment" namespace="App\Service">
          <metrics complexity="2" methods="2" coveredmethods="2" conditionals="0" coveredconditionals="0" statements="6" coveredstatements="6" elements="8" coveredelements="8"/>
        </class>
        <line num="11" type="method" name="__construct" visibility="public" complexity="1" crap="1" count="2"/>
        <line num="13" type="stmt" count="2"/>
        <line num="14" type="stmt" count="2"/>
        <line num="16" type="method" name="__invoke" visibility="public" complexity="1" crap="1" count="1"/>
        <line num="17" type="stmt" count="1"/>
        <line num="18" type="stmt" count="1"/>
        <line num="19" type="stmt" count="1"/>
        <line num="20" type="stmt" count="1"/>
        <metrics loc="20" ncloc="20" classes="1" methods="2" coveredmethods="2" conditionals="0" coveredconditionals="0" statements="6" coveredstatements="6" elements="8" coveredelements="8"/>
      </file>
      <file name="/home/fjean/dev/projets-openClassrooms/dev_app/drafts/P6/snowtriks/src/Service/DeleteTrick.php">
        <class name="App\Service\DeleteTrick" namespace="App\Service">
          <metrics complexity="5" methods="2" coveredmethods="0" conditionals="0" coveredconditionals="0" statements="13" coveredstatements="0" elements="15" coveredelements="0"/>
        </class>
        <line num="13" type="method" name="__construct" visibility="public" complexity="1" crap="2.00" count="0"/>
        <line num="15" type="stmt" count="0"/>
        <line num="16" type="stmt" count="0"/>
        <line num="17" type="stmt" count="0"/>
        <line num="19" type="method" name="deleteTrick" visibility="public" complexity="4" crap="20.00" count="0"/>
        <line num="21" type="stmt" count="0"/>
        <line num="22" type="stmt" count="0"/>
        <line num="24" type="stmt" count="0"/>
        <line num="25" type="stmt" count="0"/>
        <line num="27" type="stmt" count="0"/>
        <line num="28" type="stmt" count="0"/>
        <line num="32" type="stmt" count="0"/>
        <line num="33" type="stmt" count="0"/>
        <line num="35" type="stmt" count="0"/>
        <line num="36" type="stmt" count="0"/>
        <metrics loc="36" ncloc="30" classes="1" methods="2" coveredmethods="0" conditionals="0" coveredconditionals="0" statements="13" coveredstatements="0" elements="15" coveredelements="0"/>
      </file>
      <file name="/home/fjean/dev/projets-openClassrooms/dev_app/drafts/P6/snowtriks/src/Service/EditIllustration.php">
        <class name="App\Service\EditIllustration" namespace="App\Service">
          <metrics complexity="4" methods="2" coveredmethods="1" conditionals="0" coveredconditionals="0" statements="18" coveredstatements="4" elements="20" coveredelements="5"/>
        </class>
        <line num="15" type="method" name="__construct" visibility="public" complexity="1" crap="1" count="1"/>
        <line num="17" type="stmt" count="1"/>
        <line num="18" type="stmt" count="1"/>
        <line num="19" type="stmt" count="1"/>
        <line num="20" type="stmt" count="1"/>
        <line num="22" type="method" name="editIllustration" visibility="public" complexity="3" crap="12.00" count="0"/>
        <line num="23" type="stmt" count="0"/>
        <line num="24" type="stmt" count="0"/>
        <line num="25" type="stmt" count="0"/>
        <line num="26" type="stmt" count="0"/>
        <line num="28" type="stmt" count="0"/>
        <line num="30" type="stmt" count="0"/>
        <line num="31" type="stmt" count="0"/>
        <line num="32" type="stmt" count="0"/>
        <line num="34" type="stmt" count="0"/>
        <line num="35" type="stmt" count="0"/>
        <line num="39" type="stmt" count="0"/>
        <line num="42" type="stmt" count="0"/>
        <line num="45" type="stmt" count="0"/>
        <line num="46" type="stmt" count="0"/>
        <metrics loc="46" ncloc="45" classes="1" methods="2" coveredmethods="1" conditionals="0" coveredconditionals="0" statements="18" coveredstatements="4" elements="20" coveredelements="5"/>
      </file>
      <file name="/home/fjean/dev/projets-openClassrooms/dev_app/drafts/P6/snowtriks/src/Service/ForgottenPassword.php">
        <class name="App\Service\ForgottenPassword" namespace="App\Service">
          <metrics complexity="4" methods="2" coveredmethods="0" conditionals="0" coveredconditionals="0" statements="18" coveredstatements="0" elements="20" coveredelements="0"/>
        </class>
        <line num="18" type="method" name="__construct" visibility="public" complexity="1" crap="2.00" count="0"/>
        <line num="20" type="stmt" count="0"/>
        <line num="21" type="stmt" count="0"/>
        <line num="22" type="stmt" count="0"/>
        <line num="23" type="stmt" count="0"/>
        <line num="24" type="stmt" count="0"/>
        <line num="26" type="method" name="checkUser" visibility="public" complexity="3" crap="12.00" count="0"/>
        <line num="28" type="stmt" count="0"/>
        <line num="30" type="stmt" count="0"/>
        <line num="32" type="stmt" count="0"/>
        <line num="33" type="stmt" count="0"/>
        <line num="36" type="stmt" count="0"/>
        <line num="39" type="stmt" count="0"/>
        <line num="40" type="stmt" count="0"/>
        <line num="41" type="stmt" count="0"/>
        <line num="43" type="stmt" count="0"/>
        <line num="45" type="stmt" count="0"/>
        <line num="46" type="stmt" count="0"/>
        <line num="47" type="stmt" count="0"/>
        <line num="49" type="stmt" count="0"/>
        <metrics loc="49" ncloc="39" classes="1" methods="2" coveredmethods="0" conditionals="0" coveredconditionals="0" statements="18" coveredstatements="0" elements="20" coveredelements="0"/>
      </file>
      <file name="/home/fjean/dev/projets-openClassrooms/dev_app/drafts/P6/snowtriks/src/Service/ResetPassword.php">
        <class name="App\Service\ResetPassword" namespace="App\Service">
          <metrics complexity="2" methods="2" coveredmethods="0" conditionals="0" coveredconditionals="0" statements="11" coveredstatements="0" elements="13" coveredelements="0"/>
        </class>
        <line num="15" type="method" name="__construct" visibility="public" complexity="1" crap="2.00" count="0"/>
        <line num="17" type="stmt" count="0"/>
        <line num="18" type="stmt" count="0"/>
        <line num="19" type="stmt" count="0"/>
        <line num="20" type="stmt" count="0"/>
        <line num="22" type="method" name="resetToken" visibility="public" complexity="1" crap="2.00" count="0"/>
        <line num="23" type="stmt" count="0"/>
        <line num="24" type="stmt" count="0"/>
        <line num="25" type="stmt" count="0"/>
        <line num="28" type="stmt" count="0"/>
        <line num="29" type="stmt" count="0"/>
        <line num="31" type="stmt" count="0"/>
        <line num="32" type="stmt" count="0"/>
        <metrics loc="32" ncloc="32" classes="1" methods="2" coveredmethods="0" conditionals="0" coveredconditionals="0" statements="11" coveredstatements="0" elements="13" coveredelements="0"/>
      </file>
      <file name="/home/fjean/dev/projets-openClassrooms/dev_app/drafts/P6/snowtriks/src/Service/UploadAvatar.php">
        <class name="App\Service\UploadAvatar" namespace="App\Service">
          <metrics complexity="2" methods="2" coveredmethods="0" conditionals="0" coveredconditionals="0" statements="14" coveredstatements="0" elements="16" coveredelements="0"/>
        </class>
        <line num="13" type="method" name="__construct" visibility="public" complexity="1" crap="2.00" count="0"/>
        <line num="15" type="stmt" count="0"/>
        <line num="16" type="stmt" count="0"/>
        <line num="17" type="stmt" count="0"/>
        <line num="19" type="method" name="uploadAvatar" visibility="public" complexity="1" crap="2.00" count="0"/>
        <line num="20" type="stmt" count="0"/>
        <line num="21" type="stmt" count="0"/>
        <line num="23" type="stmt" count="0"/>
        <line num="24" type="stmt" count="0"/>
        <line num="25" type="stmt" count="0"/>
        <line num="27" type="stmt" count="0"/>
        <line num="28" type="stmt" count="0"/>
        <line num="32" type="stmt" count="0"/>
        <line num="34" type="stmt" count="0"/>
        <line num="35" type="stmt" count="0"/>
        <line num="36" type="stmt" count="0"/>
        <metrics loc="36" ncloc="36" classes="1" methods="2" coveredmethods="0" conditionals="0" coveredconditionals="0" statements="14" coveredstatements="0" elements="16" coveredelements="0"/>
      </file>
      <file name="/home/fjean/dev/projets-openClassrooms/dev_app/drafts/P6/snowtriks/src/Service/UserRegistration.php">
        <class name="App\Service\UserRegistration" namespace="App\Service">
          <metrics complexity="2" methods="2" coveredmethods="0" conditionals="0" coveredconditionals="0" statements="14" coveredstatements="0" elements="16" coveredelements="0"/>
        </class>
        <line num="18" type="method" name="__construct" visibility="public" complexity="1" crap="2.00" count="0"/>
        <line num="20" type="stmt" count="0"/>
        <line num="21" type="stmt" count="0"/>
        <line num="22" type="stmt" count="0"/>
        <line num="23" type="stmt" count="0"/>
        <line num="24" type="stmt" count="0"/>
        <line num="25" type="method" name="userRegistration" visibility="public" complexity="1" crap="2.00" count="0"/>
        <line num="26" type="stmt" count="0"/>
        <line num="27" type="stmt" count="0"/>
        <line num="28" type="stmt" count="0"/>
        <line num="30" type="stmt" count="0"/>
        <line num="31" type="stmt" count="0"/>
        <line num="32" type="stmt" count="0"/>
        <line num="33" type="stmt" count="0"/>
        <line num="34" type="stmt" count="0"/>
        <line num="35" type="stmt" count="0"/>
        <metrics loc="35" ncloc="35" classes="1" methods="2" coveredmethods="0" conditionals="0" coveredconditionals="0" statements="14" coveredstatements="0" elements="16" coveredelements="0"/>
      </file>
      <file name="/home/fjean/dev/projets-openClassrooms/dev_app/drafts/P6/snowtriks/src/Service/ValidationMail.php">
        <class name="App\Service\ValidationMail" namespace="App\Service">
          <metrics complexity="3" methods="3" coveredmethods="0" conditionals="0" coveredconditionals="0" statements="20" coveredstatements="0" elements="23" coveredelements="0"/>
        </class>
        <line num="18" type="method" name="__construct" visibility="public" complexity="1" crap="2.00" count="0"/>
        <line num="20" type="stmt" count="0"/>
        <line num="21" type="stmt" count="0"/>
        <line num="23" type="method" name="sendEmail" visibility="public" complexity="1" crap="2.00" count="0"/>
        <line num="25" type="stmt" count="0"/>
        <line num="26" type="stmt" count="0"/>
        <line num="27" type="stmt" count="0"/>
        <line num="28" type="stmt" count="0"/>
        <line num="31" type="stmt" count="0"/>
        <line num="34" type="stmt" count="0"/>
        <line num="35" type="stmt" count="0"/>
        <line num="39" type="stmt" count="0"/>
        <line num="40" type="stmt" count="0"/>
        <line num="42" type="method" name="sendResetEmail" visibility="public" complexity="1" crap="2.00" count="0"/>
        <line num="44" type="stmt" count="0"/>
        <line num="45" type="stmt" count="0"/>
        <line num="46" type="stmt" count="0"/>
        <line num="47" type="stmt" count="0"/>
        <line num="50" type="stmt" count="0"/>
        <line num="53" type="stmt" count="0"/>
        <line num="54" type="stmt" count="0"/>
        <line num="58" type="stmt" count="0"/>
        <line num="59" type="stmt" count="0"/>
        <metrics loc="59" ncloc="48" classes="1" methods="3" coveredmethods="0" conditionals="0" coveredconditionals="0" statements="20" coveredstatements="0" elements="23" coveredelements="0"/>
      </file>
    </package>
    <metrics files="37" loc="2547" ncloc="2020" classes="37" methods="150" coveredmethods="59" conditionals="0" coveredconditionals="0" statements="604" coveredstatements="166" elements="754" coveredelements="225"/>
  </project>
</coverage>
