<?xml version="1.0" encoding="UTF-8"?>
<coverage generated="1643290853">
  <project timestamp="1643290853">
    <package name="App\Controller">
      <file name="/home/fjean/dev/projets-openClassrooms/dev_app/drafts/P6/snowtriks/src/Controller/HomepageController.php">
        <class name="App\Controller\HomepageController" namespace="App\Controller">
          <metrics complexity="3" methods="3" coveredmethods="3" conditionals="0" coveredconditionals="0" statements="6" coveredstatements="6" elements="9" coveredelements="9"/>
        </class>
        <line num="14" type="method" name="__construct" visibility="public" complexity="1" crap="1" count="3"/>
        <line num="16" type="stmt" count="3"/>
        <line num="17" type="stmt" count="3"/>
        <line num="22" type="method" name="index" visibility="public" complexity="1" crap="1" count="2"/>
        <line num="24" type="stmt" count="2"/>
        <line num="25" type="stmt" count="2"/>
        <line num="32" type="method" name="loadMore" visibility="public" complexity="1" crap="1" count="1"/>
        <line num="34" type="stmt" count="1"/>
        <line num="35" type="stmt" count="1"/>
        <metrics loc="38" ncloc="32" classes="1" methods="3" coveredmethods="3" conditionals="0" coveredconditionals="0" statements="6" coveredstatements="6" elements="9" coveredelements="9"/>
      </file>
      <file name="/home/fjean/dev/projets-openClassrooms/dev_app/drafts/P6/snowtriks/src/Controller/SecurityController.php">
        <class name="App\Controller\SecurityController" namespace="App\Controller">
          <metrics complexity="15" methods="6" coveredmethods="1" conditionals="0" coveredconditionals="0" statements="35" coveredstatements="3" elements="41" coveredelements="4"/>
        </class>
        <line num="22" type="method" name="registration" visibility="public" complexity="3" crap="12.00" count="0"/>
        <line num="24" type="stmt" count="0"/>
        <line num="25" type="stmt" count="0"/>
        <line num="26" type="stmt" count="0"/>
        <line num="28" type="stmt" count="0"/>
        <line num="30" type="stmt" count="0"/>
        <line num="31" type="stmt" count="0"/>
        <line num="34" type="stmt" count="0"/>
        <line num="35" type="stmt" count="0"/>
        <line num="42" type="method" name="login" visibility="public" complexity="1" crap="1" count="2"/>
        <line num="48" type="stmt" count="2"/>
        <line num="50" type="stmt" count="2"/>
        <line num="52" type="stmt" count="2"/>
        <line num="63" type="method" name="userAccount" visibility="public" complexity="3" crap="12.00" count="0"/>
        <line num="65" type="stmt" count="0"/>
        <line num="67" type="stmt" count="0"/>
        <line num="68" type="stmt" count="0"/>
        <line num="70" type="stmt" count="0"/>
        <line num="71" type="stmt" count="0"/>
        <line num="74" type="stmt" count="0"/>
        <line num="75" type="stmt" count="0"/>
        <line num="76" type="stmt" count="0"/>
        <line num="83" type="method" name="confirmAccount" visibility="public" complexity="1" crap="2.00" count="0"/>
        <line num="85" type="stmt" count="0"/>
        <line num="86" type="stmt" count="0"/>
        <line num="92" type="method" name="forgottenPassword" visibility="public" complexity="3" crap="12.00" count="0"/>
        <line num="94" type="stmt" count="0"/>
        <line num="95" type="stmt" count="0"/>
        <line num="98" type="stmt" count="0"/>
        <line num="99" type="stmt" count="0"/>
        <line num="100" type="stmt" count="0"/>
        <line num="103" type="stmt" count="0"/>
        <line num="104" type="stmt" count="0"/>
        <line num="111" type="method" name="resetPassword" visibility="public" complexity="3" crap="12.00" count="0"/>
        <line num="113" type="stmt" count="0"/>
        <line num="114" type="stmt" count="0"/>
        <line num="116" type="stmt" count="0"/>
        <line num="117" type="stmt" count="0"/>
        <line num="118" type="stmt" count="0"/>
        <line num="121" type="stmt" count="0"/>
        <line num="122" type="stmt" count="0"/>
        <metrics loc="125" ncloc="92" classes="1" methods="6" coveredmethods="1" conditionals="0" coveredconditionals="0" statements="35" coveredstatements="3" elements="41" coveredelements="4"/>
      </file>
      <file name="/home/fjean/dev/projets-openClassrooms/dev_app/drafts/P6/snowtriks/src/Controller/TrickController.php">
        <class name="App\Controller\TrickController" namespace="App\Controller">
          <metrics complexity="12" methods="6" coveredmethods="3" conditionals="0" coveredconditionals="0" statements="37" coveredstatements="29" elements="43" coveredelements="32"/>
        </class>
        <line num="22" type="method" name="__construct" visibility="public" complexity="1" crap="1" count="6"/>
        <line num="24" type="stmt" count="6"/>
        <line num="25" type="stmt" count="6"/>
        <line num="26" type="stmt" count="6"/>
        <line num="31" type="method" name="addTrick" visibility="public" complexity="3" crap="3.18" count="2"/>
        <line num="33" type="stmt" count="2"/>
        <line num="34" type="stmt" count="2"/>
        <line num="35" type="stmt" count="2"/>
        <line num="37" type="stmt" count="2"/>
        <line num="38" type="stmt" count="2"/>
        <line num="40" type="stmt" count="2"/>
        <line num="41" type="stmt" count="0"/>
        <line num="43" type="stmt" count="0"/>
        <line num="44" type="stmt" count="0"/>
        <line num="47" type="stmt" count="2"/>
        <line num="48" type="stmt" count="2"/>
        <line num="55" type="method" name="editTrick" visibility="public" complexity="3" crap="3.47" count="1"/>
        <line num="57" type="stmt" count="1"/>
        <line num="58" type="stmt" count="1"/>
        <line num="59" type="stmt" count="0"/>
        <line num="61" type="stmt" count="0"/>
        <line num="62" type="stmt" count="0"/>
        <line num="65" type="stmt" count="1"/>
        <line num="66" type="stmt" count="1"/>
        <line num="67" type="stmt" count="1"/>
        <line num="74" type="method" name="show" visibility="public" complexity="3" crap="3" count="2"/>
        <line num="77" type="stmt" count="2"/>
        <line num="79" type="stmt" count="2"/>
        <line num="80" type="stmt" count="2"/>
        <line num="81" type="stmt" count="2"/>
        <line num="83" type="stmt" count="2"/>
        <line num="85" type="stmt" count="1"/>
        <line num="86" type="stmt" count="1"/>
        <line num="89" type="stmt" count="2"/>
        <line num="90" type="stmt" count="2"/>
        <line num="91" type="stmt" count="2"/>
        <line num="92" type="stmt" count="2"/>
        <line num="99" type="method" name="loadComments" visibility="public" complexity="1" crap="1" count="1"/>
        <line num="101" type="stmt" count="1"/>
        <line num="102" type="stmt" count="1"/>
        <line num="109" type="method" name="delete" visibility="public" complexity="1" crap="2.00" count="0"/>
        <line num="111" type="stmt" count="0"/>
        <line num="112" type="stmt" count="0"/>
        <metrics loc="114" ncloc="97" classes="1" methods="6" coveredmethods="3" conditionals="0" coveredconditionals="0" statements="37" coveredstatements="29" elements="43" coveredelements="32"/>
      </file>
    </package>
    <package name="App\DataFixtures">
      <file name="/home/fjean/dev/projets-openClassrooms/dev_app/drafts/P6/snowtriks/src/DataFixtures/TrickFixtures.php">
        <class name="App\DataFixtures\TrickFixtures" namespace="App\DataFixtures">
          <metrics complexity="13" methods="5" coveredmethods="0" conditionals="0" coveredconditionals="0" statements="132" coveredstatements="0" elements="137" coveredelements="0"/>
        </class>
        <line num="22" type="method" name="__construct" visibility="public" complexity="1" crap="2.00" count="0"/>
        <line num="24" type="stmt" count="0"/>
        <line num="25" type="stmt" count="0"/>
        <line num="26" type="stmt" count="0"/>
        <line num="28" type="method" name="createUsers" visibility="private" complexity="2" crap="6.00" count="0"/>
        <line num="31" type="stmt" count="0"/>
        <line num="32" type="stmt" count="0"/>
        <line num="33" type="stmt" count="0"/>
        <line num="34" type="stmt" count="0"/>
        <line num="35" type="stmt" count="0"/>
        <line num="36" type="stmt" count="0"/>
        <line num="39" type="stmt" count="0"/>
        <line num="41" type="stmt" count="0"/>
        <line num="42" type="stmt" count="0"/>
        <line num="43" type="stmt" count="0"/>
        <line num="44" type="stmt" count="0"/>
        <line num="46" type="stmt" count="0"/>
        <line num="49" type="method" name="createComments" visibility="private" complexity="1" crap="2.00" count="0"/>
        <line num="52" type="stmt" count="0"/>
        <line num="53" type="stmt" count="0"/>
        <line num="54" type="stmt" count="0"/>
        <line num="55" type="stmt" count="0"/>
        <line num="56" type="stmt" count="0"/>
        <line num="57" type="stmt" count="0"/>
        <line num="58" type="stmt" count="0"/>
        <line num="59" type="stmt" count="0"/>
        <line num="60" type="stmt" count="0"/>
        <line num="61" type="stmt" count="0"/>
        <line num="62" type="stmt" count="0"/>
        <line num="63" type="stmt" count="0"/>
        <line num="64" type="stmt" count="0"/>
        <line num="65" type="stmt" count="0"/>
        <line num="66" type="stmt" count="0"/>
        <line num="67" type="stmt" count="0"/>
        <line num="68" type="stmt" count="0"/>
        <line num="69" type="stmt" count="0"/>
        <line num="70" type="stmt" count="0"/>
        <line num="71" type="stmt" count="0"/>
        <line num="72" type="stmt" count="0"/>
        <line num="73" type="stmt" count="0"/>
        <line num="74" type="stmt" count="0"/>
        <line num="75" type="stmt" count="0"/>
        <line num="76" type="stmt" count="0"/>
        <line num="77" type="stmt" count="0"/>
        <line num="78" type="stmt" count="0"/>
        <line num="79" type="stmt" count="0"/>
        <line num="80" type="stmt" count="0"/>
        <line num="81" type="stmt" count="0"/>
        <line num="83" type="stmt" count="0"/>
        <line num="86" type="method" name="createCategories" visibility="private" complexity="1" crap="2.00" count="0"/>
        <line num="91" type="stmt" count="0"/>
        <line num="92" type="stmt" count="0"/>
        <line num="106" type="stmt" count="0"/>
        <line num="107" type="stmt" count="0"/>
        <line num="110" type="stmt" count="0"/>
        <line num="111" type="stmt" count="0"/>
        <line num="119" type="stmt" count="0"/>
        <line num="120" type="stmt" count="0"/>
        <line num="125" type="stmt" count="0"/>
        <line num="126" type="stmt" count="0"/>
        <line num="140" type="stmt" count="0"/>
        <line num="141" type="stmt" count="0"/>
        <line num="144" type="stmt" count="0"/>
        <line num="145" type="stmt" count="0"/>
        <line num="159" type="stmt" count="0"/>
        <line num="160" type="stmt" count="0"/>
        <line num="165" type="stmt" count="0"/>
        <line num="166" type="stmt" count="0"/>
        <line num="179" type="stmt" count="0"/>
        <line num="180" type="stmt" count="0"/>
        <line num="185" type="stmt" count="0"/>
        <line num="186" type="stmt" count="0"/>
        <line num="194" type="stmt" count="0"/>
        <line num="195" type="stmt" count="0"/>
        <line num="198" type="stmt" count="0"/>
        <line num="199" type="stmt" count="0"/>
        <line num="211" type="stmt" count="0"/>
        <line num="212" type="stmt" count="0"/>
        <line num="217" type="stmt" count="0"/>
        <line num="218" type="stmt" count="0"/>
        <line num="231" type="stmt" count="0"/>
        <line num="232" type="stmt" count="0"/>
        <line num="237" type="stmt" count="0"/>
        <line num="238" type="stmt" count="0"/>
        <line num="248" type="stmt" count="0"/>
        <line num="249" type="stmt" count="0"/>
        <line num="254" type="stmt" count="0"/>
        <line num="255" type="stmt" count="0"/>
        <line num="266" type="stmt" count="0"/>
        <line num="267" type="stmt" count="0"/>
        <line num="271" type="stmt" count="0"/>
        <line num="274" type="method" name="load" visibility="public" complexity="8" crap="72.00" count="0"/>
        <line num="276" type="stmt" count="0"/>
        <line num="277" type="stmt" count="0"/>
        <line num="278" type="stmt" count="0"/>
        <line num="280" type="stmt" count="0"/>
        <line num="282" type="stmt" count="0"/>
        <line num="283" type="stmt" count="0"/>
        <line num="285" type="stmt" count="0"/>
        <line num="287" type="stmt" count="0"/>
        <line num="289" type="stmt" count="0"/>
        <line num="290" type="stmt" count="0"/>
        <line num="291" type="stmt" count="0"/>
        <line num="292" type="stmt" count="0"/>
        <line num="293" type="stmt" count="0"/>
        <line num="294" type="stmt" count="0"/>
        <line num="295" type="stmt" count="0"/>
        <line num="297" type="stmt" count="0"/>
        <line num="299" type="stmt" count="0"/>
        <line num="300" type="stmt" count="0"/>
        <line num="301" type="stmt" count="0"/>
        <line num="302" type="stmt" count="0"/>
        <line num="303" type="stmt" count="0"/>
        <line num="304" type="stmt" count="0"/>
        <line num="307" type="stmt" count="0"/>
        <line num="308" type="stmt" count="0"/>
        <line num="310" type="stmt" count="0"/>
        <line num="311" type="stmt" count="0"/>
        <line num="312" type="stmt" count="0"/>
        <line num="315" type="stmt" count="0"/>
        <line num="316" type="stmt" count="0"/>
        <line num="318" type="stmt" count="0"/>
        <line num="319" type="stmt" count="0"/>
        <line num="321" type="stmt" count="0"/>
        <line num="323" type="stmt" count="0"/>
        <line num="325" type="stmt" count="0"/>
        <line num="327" type="stmt" count="0"/>
        <line num="328" type="stmt" count="0"/>
        <line num="329" type="stmt" count="0"/>
        <line num="331" type="stmt" count="0"/>
        <line num="333" type="stmt" count="0"/>
        <line num="335" type="stmt" count="0"/>
        <line num="336" type="stmt" count="0"/>
        <line num="337" type="stmt" count="0"/>
        <line num="339" type="stmt" count="0"/>
        <line num="342" type="stmt" count="0"/>
        <line num="343" type="stmt" count="0"/>
        <metrics loc="343" ncloc="335" classes="1" methods="5" coveredmethods="0" conditionals="0" coveredconditionals="0" statements="132" coveredstatements="0" elements="137" coveredelements="0"/>
      </file>
    </package>
    <package name="App\Entity">
      <file name="/home/fjean/dev/projets-openClassrooms/dev_app/drafts/P6/snowtriks/src/Entity/Category.php">
        <class name="App\Entity\Category" namespace="App\Entity">
          <metrics complexity="10" methods="6" coveredmethods="1" conditionals="0" coveredconditionals="0" statements="8" coveredstatements="1" elements="14" coveredelements="2"/>
        </class>
        <line num="30" type="method" name="getId" visibility="public" complexity="2" crap="6.00" count="0"/>
        <line num="32" type="stmt" count="0"/>
        <line num="35" type="method" name="getName" visibility="public" complexity="2" crap="2" count="5"/>
        <line num="37" type="stmt" count="5"/>
        <line num="40" type="method" name="setName" visibility="public" complexity="1" crap="2.00" count="0"/>
        <line num="42" type="stmt" count="0"/>
        <line num="43" type="stmt" count="0"/>
        <line num="46" type="method" name="getDescription" visibility="public" complexity="2" crap="6.00" count="0"/>
        <line num="48" type="stmt" count="0"/>
        <line num="51" type="method" name="setDescription" visibility="public" complexity="2" crap="6.00" count="0"/>
        <line num="53" type="stmt" count="0"/>
        <line num="54" type="stmt" count="0"/>
        <line num="60" type="method" name="__toString" visibility="public" complexity="1" crap="2.00" count="0"/>
        <line num="62" type="stmt" count="0"/>
        <metrics loc="64" ncloc="47" classes="1" methods="6" coveredmethods="1" conditionals="0" coveredconditionals="0" statements="8" coveredstatements="1" elements="14" coveredelements="2"/>
      </file>
      <file name="/home/fjean/dev/projets-openClassrooms/dev_app/drafts/P6/snowtriks/src/Entity/Comment.php">
        <class name="App\Entity\Comment" namespace="App\Entity">
          <metrics complexity="17" methods="10" coveredmethods="7" conditionals="0" coveredconditionals="0" statements="15" coveredstatements="11" elements="25" coveredelements="18"/>
        </class>
        <line num="46" type="method" name="__construct" visibility="public" complexity="1" crap="1" count="2"/>
        <line num="48" type="stmt" count="2"/>
        <line num="49" type="stmt" count="2"/>
        <line num="51" type="method" name="getId" visibility="public" complexity="2" crap="6.00" count="0"/>
        <line num="53" type="stmt" count="0"/>
        <line num="56" type="method" name="getUser" visibility="public" complexity="2" crap="2" count="3"/>
        <line num="58" type="stmt" count="3"/>
        <line num="61" type="method" name="setUser" visibility="public" complexity="2" crap="2" count="2"/>
        <line num="63" type="stmt" count="2"/>
        <line num="64" type="stmt" count="2"/>
        <line num="67" type="method" name="getTrick" visibility="public" complexity="2" crap="6.00" count="0"/>
        <line num="69" type="stmt" count="0"/>
        <line num="72" type="method" name="setTrick" visibility="public" complexity="2" crap="2" count="1"/>
        <line num="74" type="stmt" count="1"/>
        <line num="75" type="stmt" count="1"/>
        <line num="78" type="method" name="getPostedAt" visibility="public" complexity="2" crap="2" count="3"/>
        <line num="80" type="stmt" count="3"/>
        <line num="83" type="method" name="setPostedAt" visibility="public" complexity="1" crap="2.00" count="0"/>
        <line num="85" type="stmt" count="0"/>
        <line num="86" type="stmt" count="0"/>
        <line num="89" type="method" name="getContent" visibility="public" complexity="2" crap="2" count="3"/>
        <line num="91" type="stmt" count="3"/>
        <line num="94" type="method" name="setContent" visibility="public" complexity="1" crap="1" count="1"/>
        <line num="96" type="stmt" count="1"/>
        <line num="97" type="stmt" count="1"/>
        <metrics loc="99" ncloc="74" classes="1" methods="10" coveredmethods="7" conditionals="0" coveredconditionals="0" statements="15" coveredstatements="11" elements="25" coveredelements="18"/>
      </file>
      <file name="/home/fjean/dev/projets-openClassrooms/dev_app/drafts/P6/snowtriks/src/Entity/Illustration.php">
        <class name="App\Entity\Illustration" namespace="App\Entity">
          <metrics complexity="11" methods="7" coveredmethods="1" conditionals="0" coveredconditionals="0" statements="10" coveredstatements="1" elements="17" coveredelements="2"/>
        </class>
        <line num="40" type="method" name="getId" visibility="public" complexity="2" crap="6.00" count="0"/>
        <line num="42" type="stmt" count="0"/>
        <line num="45" type="method" name="getPath" visibility="public" complexity="2" crap="2" count="6"/>
        <line num="47" type="stmt" count="6"/>
        <line num="50" type="method" name="setPath" visibility="public" complexity="1" crap="2.00" count="0"/>
        <line num="52" type="stmt" count="0"/>
        <line num="53" type="stmt" count="0"/>
        <line num="56" type="method" name="getTrick" visibility="public" complexity="2" crap="6.00" count="0"/>
        <line num="58" type="stmt" count="0"/>
        <line num="61" type="method" name="setTrick" visibility="public" complexity="2" crap="6.00" count="0"/>
        <line num="63" type="stmt" count="0"/>
        <line num="64" type="stmt" count="0"/>
        <line num="71" type="method" name="getFile" visibility="public" complexity="1" crap="2.00" count="0"/>
        <line num="73" type="stmt" count="0"/>
        <line num="81" type="method" name="setFile" visibility="public" complexity="1" crap="2.00" count="0"/>
        <line num="83" type="stmt" count="0"/>
        <line num="84" type="stmt" count="0"/>
        <metrics loc="86" ncloc="57" classes="1" methods="7" coveredmethods="1" conditionals="0" coveredconditionals="0" statements="10" coveredstatements="1" elements="17" coveredelements="2"/>
      </file>
      <file name="/home/fjean/dev/projets-openClassrooms/dev_app/drafts/P6/snowtriks/src/Entity/Trick.php">
        <class name="App\Entity\Trick" namespace="App\Entity">
          <metrics complexity="31" methods="21" coveredmethods="11" conditionals="0" coveredconditionals="0" statements="39" coveredstatements="16" elements="60" coveredelements="27"/>
        </class>
        <line num="94" type="method" name="__construct" visibility="public" complexity="1" crap="1" count="2"/>
        <line num="96" type="stmt" count="2"/>
        <line num="97" type="stmt" count="2"/>
        <line num="98" type="stmt" count="2"/>
        <line num="99" type="stmt" count="2"/>
        <line num="100" type="stmt" count="2"/>
        <line num="102" type="method" name="getId" visibility="public" complexity="2" crap="2" count="3"/>
        <line num="104" type="stmt" count="3"/>
        <line num="107" type="method" name="getUser" visibility="public" complexity="2" crap="6.00" count="0"/>
        <line num="109" type="stmt" count="0"/>
        <line num="112" type="method" name="setUser" visibility="public" complexity="2" crap="2" count="2"/>
        <line num="114" type="stmt" count="2"/>
        <line num="115" type="stmt" count="2"/>
        <line num="118" type="method" name="getName" visibility="public" complexity="2" crap="2" count="8"/>
        <line num="120" type="stmt" count="8"/>
        <line num="123" type="method" name="setName" visibility="public" complexity="1" crap="2.00" count="0"/>
        <line num="125" type="stmt" count="0"/>
        <line num="126" type="stmt" count="0"/>
        <line num="129" type="method" name="getCategory" visibility="public" complexity="2" crap="2" count="5"/>
        <line num="131" type="stmt" count="5"/>
        <line num="134" type="method" name="setCategory" visibility="public" complexity="2" crap="6.00" count="0"/>
        <line num="136" type="stmt" count="0"/>
        <line num="137" type="stmt" count="0"/>
        <line num="140" type="method" name="getDescription" visibility="public" complexity="2" crap="2" count="5"/>
        <line num="142" type="stmt" count="5"/>
        <line num="145" type="method" name="setDescription" visibility="public" complexity="1" crap="2.00" count="0"/>
        <line num="147" type="stmt" count="0"/>
        <line num="148" type="stmt" count="0"/>
        <line num="151" type="method" name="getAddedAt" visibility="public" complexity="2" crap="2" count="2"/>
        <line num="153" type="stmt" count="2"/>
        <line num="156" type="method" name="setAddedAt" visibility="public" complexity="1" crap="2.00" count="0"/>
        <line num="158" type="stmt" count="0"/>
        <line num="159" type="stmt" count="0"/>
        <line num="162" type="method" name="getSlug" visibility="public" complexity="2" crap="2" count="6"/>
        <line num="164" type="stmt" count="6"/>
        <line num="167" type="method" name="setSlug" visibility="public" complexity="2" crap="6.00" count="0"/>
        <line num="169" type="stmt" count="0"/>
        <line num="170" type="stmt" count="0"/>
        <line num="176" type="method" name="getComments" visibility="public" complexity="1" crap="1" count="2"/>
        <line num="178" type="stmt" count="2"/>
        <line num="184" type="method" name="getIllustrations" visibility="public" complexity="1" crap="1" count="8"/>
        <line num="186" type="stmt" count="8"/>
        <line num="193" type="method" name="addIllustration" visibility="public" complexity="1" crap="2.00" count="0"/>
        <line num="195" type="stmt" count="0"/>
        <line num="196" type="stmt" count="0"/>
        <line num="197" type="stmt" count="0"/>
        <line num="203" type="method" name="removeIllustration" visibility="public" complexity="1" crap="2.00" count="0"/>
        <line num="205" type="stmt" count="0"/>
        <line num="206" type="stmt" count="0"/>
        <line num="207" type="stmt" count="0"/>
        <line num="212" type="method" name="getVideos" visibility="public" complexity="1" crap="1" count="5"/>
        <line num="214" type="stmt" count="5"/>
        <line num="221" type="method" name="addVideo" visibility="public" complexity="1" crap="2.00" count="0"/>
        <line num="223" type="stmt" count="0"/>
        <line num="224" type="stmt" count="0"/>
        <line num="225" type="stmt" count="0"/>
        <line num="231" type="method" name="removeVideo" visibility="public" complexity="1" crap="2.00" count="0"/>
        <line num="233" type="stmt" count="0"/>
        <line num="234" type="stmt" count="0"/>
        <line num="235" type="stmt" count="0"/>
        <metrics loc="236" ncloc="152" classes="1" methods="21" coveredmethods="11" conditionals="0" coveredconditionals="0" statements="39" coveredstatements="16" elements="60" coveredelements="27"/>
      </file>
      <file name="/home/fjean/dev/projets-openClassrooms/dev_app/drafts/P6/snowtriks/src/Entity/User.php">
        <class name="App\Entity\User" namespace="App\Entity">
          <metrics complexity="43" methods="30" coveredmethods="10" conditionals="0" coveredconditionals="0" statements="46" coveredstatements="13" elements="76" coveredelements="23"/>
        </class>
        <line num="121" type="method" name="__construct" visibility="public" complexity="1" crap="2.00" count="0"/>
        <line num="123" type="stmt" count="0"/>
        <line num="125" type="stmt" count="0"/>
        <line num="126" type="stmt" count="0"/>
        <line num="128" type="method" name="getId" visibility="public" complexity="2" crap="6.00" count="0"/>
        <line num="130" type="stmt" count="0"/>
        <line num="133" type="method" name="getEmail" visibility="public" complexity="2" crap="6.00" count="0"/>
        <line num="135" type="stmt" count="0"/>
        <line num="138" type="method" name="setEmail" visibility="public" complexity="1" crap="2.00" count="0"/>
        <line num="140" type="stmt" count="0"/>
        <line num="141" type="stmt" count="0"/>
        <line num="144" type="method" name="getUserName" visibility="public" complexity="2" crap="2" count="4"/>
        <line num="146" type="stmt" count="4"/>
        <line num="149" type="method" name="setUserName" visibility="public" complexity="1" crap="2.00" count="0"/>
        <line num="151" type="stmt" count="0"/>
        <line num="152" type="stmt" count="0"/>
        <line num="155" type="method" name="getAvatar" visibility="public" complexity="2" crap="2" count="3"/>
        <line num="157" type="stmt" count="3"/>
        <line num="160" type="method" name="setAvatar" visibility="public" complexity="1" crap="2.00" count="0"/>
        <line num="162" type="stmt" count="0"/>
        <line num="163" type="stmt" count="0"/>
        <line num="170" type="method" name="getAvatarFile" visibility="public" complexity="1" crap="2.00" count="0"/>
        <line num="172" type="stmt" count="0"/>
        <line num="180" type="method" name="setAvatarFile" visibility="public" complexity="1" crap="2.00" count="0"/>
        <line num="182" type="stmt" count="0"/>
        <line num="183" type="stmt" count="0"/>
        <line num="186" type="method" name="getPlainPassword" visibility="public" complexity="1" crap="2.00" count="0"/>
        <line num="188" type="stmt" count="0"/>
        <line num="191" type="method" name="setPlainPassword" visibility="public" complexity="1" crap="2.00" count="0"/>
        <line num="193" type="stmt" count="0"/>
        <line num="194" type="stmt" count="0"/>
        <line num="196" type="method" name="getPassword" visibility="public" complexity="2" crap="2" count="3"/>
        <line num="198" type="stmt" count="3"/>
        <line num="201" type="method" name="setPassword" visibility="public" complexity="1" crap="2.00" count="0"/>
        <line num="203" type="stmt" count="0"/>
        <line num="204" type="stmt" count="0"/>
        <line num="207" type="method" name="getRoles" visibility="public" complexity="1" crap="1" count="2"/>
        <line num="209" type="stmt" count="2"/>
        <line num="211" type="stmt" count="2"/>
        <line num="213" type="stmt" count="2"/>
        <line num="216" type="method" name="setRoles" visibility="public" complexity="1" crap="2.00" count="0"/>
        <line num="218" type="stmt" count="0"/>
        <line num="219" type="stmt" count="0"/>
        <line num="222" type="method" name="getSalt" visibility="public" complexity="1" crap="1" count="3"/>
        <line num="224" type="stmt" count="3"/>
        <line num="227" type="method" name="eraseCredentials" visibility="public" complexity="1" crap="1" count="1"/>
        <line num="229" type="stmt" count="1"/>
        <line num="234" type="method" name="__toString" visibility="public" complexity="1" crap="2.00" count="0"/>
        <line num="236" type="stmt" count="0"/>
        <line num="239" type="method" name="serialize" visibility="public" complexity="1" crap="1" count="2"/>
        <line num="241" type="stmt" count="2"/>
        <line num="244" type="method" name="unserialize" visibility="public" complexity="1" crap="1" count="2"/>
        <line num="246" type="stmt" count="2"/>
        <line num="247" type="stmt" count="2"/>
        <line num="249" type="method" name="getToken" visibility="public" complexity="2" crap="6.00" count="0"/>
        <line num="251" type="stmt" count="0"/>
        <line num="254" type="method" name="setToken" visibility="public" complexity="2" crap="6.00" count="0"/>
        <line num="256" type="stmt" count="0"/>
        <line num="257" type="stmt" count="0"/>
        <line num="260" type="method" name="getEnabled" visibility="public" complexity="2" crap="2" count="1"/>
        <line num="262" type="stmt" count="1"/>
        <line num="265" type="method" name="setEnabled" visibility="public" complexity="1" crap="2.00" count="0"/>
        <line num="267" type="stmt" count="0"/>
        <line num="268" type="stmt" count="0"/>
        <line num="271" type="method" name="getResetToken" visibility="public" complexity="2" crap="6.00" count="0"/>
        <line num="273" type="stmt" count="0"/>
        <line num="276" type="method" name="setResetToken" visibility="public" complexity="2" crap="6.00" count="0"/>
        <line num="278" type="stmt" count="0"/>
        <line num="279" type="stmt" count="0"/>
        <line num="282" type="method" name="getResetPassword" visibility="public" complexity="2" crap="6.00" count="0"/>
        <line num="284" type="stmt" count="0"/>
        <line num="287" type="method" name="setResetPassword" visibility="public" complexity="2" crap="6.00" count="0"/>
        <line num="289" type="stmt" count="0"/>
        <line num="290" type="stmt" count="0"/>
        <line num="293" type="method" name="getUserIdentifier" visibility="public" complexity="2" crap="2" count="2"/>
        <line num="295" type="stmt" count="2"/>
        <metrics loc="296" ncloc="199" classes="1" methods="30" coveredmethods="10" conditionals="0" coveredconditionals="0" statements="46" coveredstatements="13" elements="76" coveredelements="23"/>
      </file>
      <file name="/home/fjean/dev/projets-openClassrooms/dev_app/drafts/P6/snowtriks/src/Entity/Video.php">
        <class name="App\Entity\Video" namespace="App\Entity">
          <metrics complexity="9" methods="5" coveredmethods="1" conditionals="0" coveredconditionals="0" statements="7" coveredstatements="1" elements="12" coveredelements="2"/>
        </class>
        <line num="31" type="method" name="getId" visibility="public" complexity="2" crap="6.00" count="0"/>
        <line num="33" type="stmt" count="0"/>
        <line num="36" type="method" name="getUrl" visibility="public" complexity="2" crap="2" count="3"/>
        <line num="38" type="stmt" count="3"/>
        <line num="41" type="method" name="setUrl" visibility="public" complexity="1" crap="2.00" count="0"/>
        <line num="43" type="stmt" count="0"/>
        <line num="44" type="stmt" count="0"/>
        <line num="47" type="method" name="getTrick" visibility="public" complexity="2" crap="6.00" count="0"/>
        <line num="49" type="stmt" count="0"/>
        <line num="52" type="method" name="setTrick" visibility="public" complexity="2" crap="6.00" count="0"/>
        <line num="54" type="stmt" count="0"/>
        <line num="55" type="stmt" count="0"/>
        <metrics loc="57" ncloc="42" classes="1" methods="5" coveredmethods="1" conditionals="0" coveredconditionals="0" statements="7" coveredstatements="1" elements="12" coveredelements="2"/>
      </file>
    </package>
    <package name="App\Form">
      <file name="/home/fjean/dev/projets-openClassrooms/dev_app/drafts/P6/snowtriks/src/Form/CommentType.php">
        <class name="App\Form\CommentType" namespace="App\Form">
          <metrics complexity="2" methods="2" coveredmethods="2" conditionals="0" coveredconditionals="0" statements="6" coveredstatements="6" elements="8" coveredelements="8"/>
        </class>
        <line num="13" type="method" name="buildForm" visibility="public" complexity="1" crap="1" count="2"/>
        <line num="16" type="stmt" count="2"/>
        <line num="17" type="stmt" count="2"/>
        <line num="23" type="stmt" count="2"/>
        <line num="25" type="method" name="configureOptions" visibility="public" complexity="1" crap="1" count="2"/>
        <line num="27" type="stmt" count="2"/>
        <line num="28" type="stmt" count="2"/>
        <line num="30" type="stmt" count="2"/>
        <metrics loc="31" ncloc="31" classes="1" methods="2" coveredmethods="2" conditionals="0" coveredconditionals="0" statements="6" coveredstatements="6" elements="8" coveredelements="8"/>
      </file>
      <file name="/home/fjean/dev/projets-openClassrooms/dev_app/drafts/P6/snowtriks/src/Form/ForgottenPasswordType.php">
        <class name="App\Form\ForgottenPasswordType" namespace="App\Form">
          <metrics complexity="2" methods="2" coveredmethods="0" conditionals="0" coveredconditionals="0" statements="6" coveredstatements="0" elements="8" coveredelements="0"/>
        </class>
        <line num="12" type="method" name="buildForm" visibility="public" complexity="1" crap="2.00" count="0"/>
        <line num="15" type="stmt" count="0"/>
        <line num="16" type="stmt" count="0"/>
        <line num="19" type="stmt" count="0"/>
        <line num="21" type="method" name="configureOptions" visibility="public" complexity="1" crap="2.00" count="0"/>
        <line num="23" type="stmt" count="0"/>
        <line num="25" type="stmt" count="0"/>
        <line num="26" type="stmt" count="0"/>
        <metrics loc="27" ncloc="25" classes="1" methods="2" coveredmethods="0" conditionals="0" coveredconditionals="0" statements="6" coveredstatements="0" elements="8" coveredelements="0"/>
      </file>
      <file name="/home/fjean/dev/projets-openClassrooms/dev_app/drafts/P6/snowtriks/src/Form/IllustrationType.php">
        <class name="App\Form\IllustrationType" namespace="App\Form">
          <metrics complexity="3" methods="2" coveredmethods="2" conditionals="0" coveredconditionals="0" statements="10" coveredstatements="10" elements="12" coveredelements="12"/>
        </class>
        <line num="16" type="method" name="buildForm" visibility="public" complexity="2" crap="2" count="3"/>
        <line num="19" type="stmt" count="3"/>
        <line num="22" type="stmt" count="3"/>
        <line num="23" type="stmt" count="3"/>
        <line num="25" type="stmt" count="3"/>
        <line num="26" type="stmt" count="3"/>
        <line num="30" type="stmt" count="3"/>
        <line num="32" type="stmt" count="3"/>
        <line num="34" type="method" name="configureOptions" visibility="public" complexity="1" crap="1" count="3"/>
        <line num="36" type="stmt" count="3"/>
        <line num="37" type="stmt" count="3"/>
        <line num="39" type="stmt" count="3"/>
        <metrics loc="40" ncloc="40" classes="1" methods="2" coveredmethods="2" conditionals="0" coveredconditionals="0" statements="10" coveredstatements="10" elements="12" coveredelements="12"/>
      </file>
      <file name="/home/fjean/dev/projets-openClassrooms/dev_app/drafts/P6/snowtriks/src/Form/RegisterType.php">
        <class name="App\Form\RegisterType" namespace="App\Form">
          <metrics complexity="2" methods="2" coveredmethods="0" conditionals="0" coveredconditionals="0" statements="10" coveredstatements="0" elements="12" coveredelements="0"/>
        </class>
        <line num="16" type="method" name="buildForm" visibility="public" complexity="1" crap="2.00" count="0"/>
        <line num="19" type="stmt" count="0"/>
        <line num="20" type="stmt" count="0"/>
        <line num="22" type="stmt" count="0"/>
        <line num="23" type="stmt" count="0"/>
        <line num="25" type="stmt" count="0"/>
        <line num="26" type="stmt" count="0"/>
        <line num="32" type="stmt" count="0"/>
        <line num="34" type="method" name="configureOptions" visibility="public" complexity="1" crap="2.00" count="0"/>
        <line num="36" type="stmt" count="0"/>
        <line num="37" type="stmt" count="0"/>
        <line num="39" type="stmt" count="0"/>
        <metrics loc="40" ncloc="40" classes="1" methods="2" coveredmethods="0" conditionals="0" coveredconditionals="0" statements="10" coveredstatements="0" elements="12" coveredelements="0"/>
      </file>
      <file name="/home/fjean/dev/projets-openClassrooms/dev_app/drafts/P6/snowtriks/src/Form/ResetPasswordType.php">
        <class name="App\Form\ResetPasswordType" namespace="App\Form">
          <metrics complexity="2" methods="2" coveredmethods="0" conditionals="0" coveredconditionals="0" statements="6" coveredstatements="0" elements="8" coveredelements="0"/>
        </class>
        <line num="13" type="method" name="buildForm" visibility="public" complexity="1" crap="2.00" count="0"/>
        <line num="16" type="stmt" count="0"/>
        <line num="17" type="stmt" count="0"/>
        <line num="23" type="stmt" count="0"/>
        <line num="25" type="method" name="configureOptions" visibility="public" complexity="1" crap="2.00" count="0"/>
        <line num="27" type="stmt" count="0"/>
        <line num="28" type="stmt" count="0"/>
        <line num="29" type="stmt" count="0"/>
        <metrics loc="30" ncloc="30" classes="1" methods="2" coveredmethods="0" conditionals="0" coveredconditionals="0" statements="6" coveredstatements="0" elements="8" coveredelements="0"/>
      </file>
      <file name="/home/fjean/dev/projets-openClassrooms/dev_app/drafts/P6/snowtriks/src/Form/TrickType.php">
        <class name="App\Form\TrickType" namespace="App\Form">
          <metrics complexity="2" methods="2" coveredmethods="2" conditionals="0" coveredconditionals="0" statements="14" coveredstatements="14" elements="16" coveredelements="16"/>
        </class>
        <line num="17" type="method" name="buildForm" visibility="public" complexity="1" crap="1" count="3"/>
        <line num="20" type="stmt" count="3"/>
        <line num="21" type="stmt" count="3"/>
        <line num="26" type="stmt" count="3"/>
        <line num="27" type="stmt" count="3"/>
        <line num="32" type="stmt" count="3"/>
        <line num="33" type="stmt" count="3"/>
        <line num="40" type="stmt" count="3"/>
        <line num="41" type="stmt" count="3"/>
        <line num="48" type="stmt" count="3"/>
        <line num="49" type="stmt" count="3"/>
        <line num="57" type="stmt" count="3"/>
        <line num="59" type="method" name="configureOptions" visibility="public" complexity="1" crap="1" count="3"/>
        <line num="61" type="stmt" count="3"/>
        <line num="62" type="stmt" count="3"/>
        <line num="64" type="stmt" count="3"/>
        <metrics loc="65" ncloc="65" classes="1" methods="2" coveredmethods="2" conditionals="0" coveredconditionals="0" statements="14" coveredstatements="14" elements="16" coveredelements="16"/>
      </file>
      <file name="/home/fjean/dev/projets-openClassrooms/dev_app/drafts/P6/snowtriks/src/Form/UserType.php">
        <class name="App\Form\UserType" namespace="App\Form">
          <metrics complexity="2" methods="2" coveredmethods="0" conditionals="0" coveredconditionals="0" statements="6" coveredstatements="0" elements="8" coveredelements="0"/>
        </class>
        <line num="14" type="method" name="buildForm" visibility="public" complexity="1" crap="2.00" count="0"/>
        <line num="17" type="stmt" count="0"/>
        <line num="18" type="stmt" count="0"/>
        <line num="21" type="stmt" count="0"/>
        <line num="23" type="method" name="configureOptions" visibility="public" complexity="1" crap="2.00" count="0"/>
        <line num="25" type="stmt" count="0"/>
        <line num="26" type="stmt" count="0"/>
        <line num="29" type="stmt" count="0"/>
        <metrics loc="30" ncloc="30" classes="1" methods="2" coveredmethods="0" conditionals="0" coveredconditionals="0" statements="6" coveredstatements="0" elements="8" coveredelements="0"/>
      </file>
      <file name="/home/fjean/dev/projets-openClassrooms/dev_app/drafts/P6/snowtriks/src/Form/VideoType.php">
        <class name="App\Form\VideoType" namespace="App\Form">
          <metrics complexity="2" methods="2" coveredmethods="2" conditionals="0" coveredconditionals="0" statements="6" coveredstatements="6" elements="8" coveredelements="8"/>
        </class>
        <line num="13" type="method" name="buildForm" visibility="public" complexity="1" crap="1" count="3"/>
        <line num="16" type="stmt" count="3"/>
        <line num="17" type="stmt" count="3"/>
        <line num="20" type="stmt" count="3"/>
        <line num="22" type="method" name="configureOptions" visibility="public" complexity="1" crap="1" count="3"/>
        <line num="24" type="stmt" count="3"/>
        <line num="25" type="stmt" count="3"/>
        <line num="27" type="stmt" count="3"/>
        <metrics loc="28" ncloc="28" classes="1" methods="2" coveredmethods="2" conditionals="0" coveredconditionals="0" statements="6" coveredstatements="6" elements="8" coveredelements="8"/>
      </file>
    </package>
    <package name="App">
      <file name="/home/fjean/dev/projets-openClassrooms/dev_app/drafts/P6/snowtriks/src/Kernel.php">
        <class name="App\Kernel" namespace="App">
          <metrics complexity="6" methods="2" coveredmethods="0" conditionals="0" coveredconditionals="0" statements="15" coveredstatements="11" elements="17" coveredelements="11"/>
        </class>
        <line num="14" type="method" name="configureContainer" visibility="protected" complexity="3" crap="3.14" count="1"/>
        <line num="16" type="stmt" count="1"/>
        <line num="17" type="stmt" count="1"/>
        <line num="19" type="stmt" count="1"/>
        <line num="20" type="stmt" count="1"/>
        <line num="21" type="stmt" count="1"/>
        <line num="22" type="stmt" count="0"/>
        <line num="23" type="stmt" count="0"/>
        <line num="25" type="stmt" count="1"/>
        <line num="27" type="method" name="configureRoutes" visibility="protected" complexity="3" crap="3.21" count="1"/>
        <line num="29" type="stmt" count="1"/>
        <line num="30" type="stmt" count="1"/>
        <line num="32" type="stmt" count="1"/>
        <line num="33" type="stmt" count="1"/>
        <line num="34" type="stmt" count="0"/>
        <line num="35" type="stmt" count="0"/>
        <line num="37" type="stmt" count="1"/>
        <metrics loc="38" ncloc="38" classes="1" methods="2" coveredmethods="0" conditionals="0" coveredconditionals="0" statements="15" coveredstatements="11" elements="17" coveredelements="11"/>
      </file>
    </package>
    <package name="App\Repository">
      <file name="/home/fjean/dev/projets-openClassrooms/dev_app/drafts/P6/snowtriks/src/Repository/CategoryRepository.php">
        <class name="App\Repository\CategoryRepository" namespace="App\Repository">
          <metrics complexity="1" methods="1" coveredmethods="1" conditionals="0" coveredconditionals="0" statements="2" coveredstatements="2" elements="3" coveredelements="3"/>
        </class>
        <line num="17" type="method" name="__construct" visibility="public" complexity="1" crap="1" count="3"/>
        <line num="19" type="stmt" count="3"/>
        <line num="20" type="stmt" count="3"/>
        <metrics loc="50" ncloc="14" classes="1" methods="1" coveredmethods="1" conditionals="0" coveredconditionals="0" statements="2" coveredstatements="2" elements="3" coveredelements="3"/>
      </file>
      <file name="/home/fjean/dev/projets-openClassrooms/dev_app/drafts/P6/snowtriks/src/Repository/CommentRepository.php">
        <class name="App\Repository\CommentRepository" namespace="App\Repository">
          <metrics complexity="2" methods="2" coveredmethods="2" conditionals="0" coveredconditionals="0" statements="9" coveredstatements="9" elements="11" coveredelements="11"/>
        </class>
        <line num="13" type="method" name="__construct" visibility="public" complexity="1" crap="1" count="6"/>
        <line num="15" type="stmt" count="6"/>
        <line num="16" type="stmt" count="6"/>
        <line num="18" type="method" name="getComments" visibility="public" complexity="1" crap="1" count="3"/>
        <line num="20" type="stmt" count="3"/>
        <line num="21" type="stmt" count="3"/>
        <line num="22" type="stmt" count="3"/>
        <line num="23" type="stmt" count="3"/>
        <line num="24" type="stmt" count="3"/>
        <line num="25" type="stmt" count="3"/>
        <line num="27" type="stmt" count="3"/>
        <metrics loc="29" ncloc="29" classes="1" methods="2" coveredmethods="2" conditionals="0" coveredconditionals="0" statements="9" coveredstatements="9" elements="11" coveredelements="11"/>
      </file>
      <file name="/home/fjean/dev/projets-openClassrooms/dev_app/drafts/P6/snowtriks/src/Repository/IllustrationRepository.php">
        <class name="App\Repository\IllustrationRepository" namespace="App\Repository">
          <metrics complexity="1" methods="1" coveredmethods="0" conditionals="0" coveredconditionals="0" statements="2" coveredstatements="0" elements="3" coveredelements="0"/>
        </class>
        <line num="17" type="method" name="__construct" visibility="public" complexity="1" crap="2.00" count="0"/>
        <line num="19" type="stmt" count="0"/>
        <line num="20" type="stmt" count="0"/>
        <metrics loc="50" ncloc="14" classes="1" methods="1" coveredmethods="0" conditionals="0" coveredconditionals="0" statements="2" coveredstatements="0" elements="3" coveredelements="0"/>
      </file>
      <file name="/home/fjean/dev/projets-openClassrooms/dev_app/drafts/P6/snowtriks/src/Repository/TrickRepository.php">
        <class name="App\Repository\TrickRepository" namespace="App\Repository">
          <metrics complexity="4" methods="3" coveredmethods="2" conditionals="0" coveredconditionals="0" statements="18" coveredstatements="8" elements="21" coveredelements="10"/>
        </class>
        <line num="13" type="method" name="__construct" visibility="public" complexity="1" crap="1" count="8"/>
        <line num="15" type="stmt" count="8"/>
        <line num="16" type="stmt" count="8"/>
        <line num="17" type="stmt" count="8"/>
        <line num="19" type="method" name="getTricks" visibility="public" complexity="1" crap="1" count="3"/>
        <line num="21" type="stmt" count="3"/>
        <line num="22" type="stmt" count="3"/>
        <line num="23" type="stmt" count="3"/>
        <line num="24" type="stmt" count="3"/>
        <line num="26" type="stmt" count="3"/>
        <line num="29" type="method" name="slugExists" visibility="public" complexity="2" crap="6.00" count="0"/>
        <line num="31" type="stmt" count="0"/>
        <line num="32" type="stmt" count="0"/>
        <line num="33" type="stmt" count="0"/>
        <line num="34" type="stmt" count="0"/>
        <line num="37" type="stmt" count="0"/>
        <line num="40" type="stmt" count="0"/>
        <line num="41" type="stmt" count="0"/>
        <line num="45" type="stmt" count="0"/>
        <line num="46" type="stmt" count="0"/>
        <line num="47" type="stmt" count="0"/>
        <metrics loc="50" ncloc="50" classes="1" methods="3" coveredmethods="2" conditionals="0" coveredconditionals="0" statements="18" coveredstatements="8" elements="21" coveredelements="10"/>
      </file>
      <file name="/home/fjean/dev/projets-openClassrooms/dev_app/drafts/P6/snowtriks/src/Repository/UserRepository.php">
        <class name="App\Repository\UserRepository" namespace="App\Repository">
          <metrics complexity="1" methods="1" coveredmethods="1" conditionals="0" coveredconditionals="0" statements="2" coveredstatements="2" elements="3" coveredelements="3"/>
        </class>
        <line num="17" type="method" name="__construct" visibility="public" complexity="1" crap="1" count="10"/>
        <line num="19" type="stmt" count="10"/>
        <line num="20" type="stmt" count="10"/>
        <metrics loc="50" ncloc="14" classes="1" methods="1" coveredmethods="1" conditionals="0" coveredconditionals="0" statements="2" coveredstatements="2" elements="3" coveredelements="3"/>
      </file>
      <file name="/home/fjean/dev/projets-openClassrooms/dev_app/drafts/P6/snowtriks/src/Repository/VideoRepository.php">
        <class name="App\Repository\VideoRepository" namespace="App\Repository">
          <metrics complexity="1" methods="1" coveredmethods="0" conditionals="0" coveredconditionals="0" statements="2" coveredstatements="0" elements="3" coveredelements="0"/>
        </class>
        <line num="17" type="method" name="__construct" visibility="public" complexity="1" crap="2.00" count="0"/>
        <line num="19" type="stmt" count="0"/>
        <line num="20" type="stmt" count="0"/>
        <metrics loc="50" ncloc="14" classes="1" methods="1" coveredmethods="0" conditionals="0" coveredconditionals="0" statements="2" coveredstatements="0" elements="3" coveredelements="0"/>
      </file>
    </package>
    <package name="App\Security">
      <file name="/home/fjean/dev/projets-openClassrooms/dev_app/drafts/P6/snowtriks/src/Security/LoginFormAuthenticator.php">
        <class name="App\Security\LoginFormAuthenticator" namespace="App\Security">
          <metrics complexity="8" methods="5" coveredmethods="4" conditionals="0" coveredconditionals="0" statements="12" coveredstatements="11" elements="17" coveredelements="15"/>
        </class>
        <line num="27" type="method" name="__construct" visibility="public" complexity="1" crap="1" count="10"/>
        <line num="29" type="stmt" count="10"/>
        <line num="30" type="stmt" count="10"/>
        <line num="31" type="stmt" count="10"/>
        <line num="33" type="method" name="supports" visibility="public" complexity="2" crap="2" count="10"/>
        <line num="35" type="stmt" count="10"/>
        <line num="38" type="method" name="authenticate" visibility="public" complexity="1" crap="1" count="2"/>
        <line num="40" type="stmt" count="2"/>
        <line num="41" type="stmt" count="2"/>
        <line num="42" type="stmt" count="2"/>
        <line num="43" type="stmt" count="2"/>
        <line num="47" type="method" name="onAuthenticationSuccess" visibility="public" complexity="3" crap="3.33" count="1"/>
        <line num="49" type="stmt" count="1"/>
        <line num="50" type="stmt" count="0"/>
        <line num="53" type="stmt" count="1"/>
        <line num="56" type="method" name="getLoginUrl" visibility="protected" complexity="1" crap="1" count="3"/>
        <line num="58" type="stmt" count="3"/>
        <metrics loc="60" ncloc="60" classes="1" methods="5" coveredmethods="4" conditionals="0" coveredconditionals="0" statements="12" coveredstatements="11" elements="17" coveredelements="15"/>
      </file>
      <file name="/home/fjean/dev/projets-openClassrooms/dev_app/drafts/P6/snowtriks/src/Security/UserChecker.php">
        <class name="App\Security\UserChecker" namespace="App\Security">
          <metrics complexity="5" methods="2" coveredmethods="0" conditionals="0" coveredconditionals="0" statements="9" coveredstatements="5" elements="11" coveredelements="5"/>
        </class>
        <line num="12" type="method" name="checkPreAuth" visibility="public" complexity="2" crap="2.15" count="2"/>
        <line num="14" type="stmt" count="2"/>
        <line num="16" type="stmt" count="0"/>
        <line num="18" type="stmt" count="2"/>
        <line num="20" type="method" name="checkPostAuth" visibility="public" complexity="3" crap="4.12" count="1"/>
        <line num="22" type="stmt" count="1"/>
        <line num="24" type="stmt" count="0"/>
        <line num="27" type="stmt" count="1"/>
        <line num="29" type="stmt" count="0"/>
        <line num="30" type="stmt" count="0"/>
        <line num="32" type="stmt" count="1"/>
        <metrics loc="32" ncloc="32" classes="1" methods="2" coveredmethods="0" conditionals="0" coveredconditionals="0" statements="9" coveredstatements="5" elements="11" coveredelements="5"/>
      </file>
    </package>
    <package name="App\Service">
      <file name="/home/fjean/dev/projets-openClassrooms/dev_app/drafts/P6/snowtriks/src/Service/HandleTrick.php">
        <class name="App\Service\HandleTrick" namespace="App\Service">
          <metrics complexity="12" methods="5" coveredmethods="2" conditionals="0" coveredconditionals="0" statements="47" coveredstatements="8" elements="52" coveredelements="10"/>
        </class>
        <line num="15" type="method" name="__construct" visibility="public" complexity="1" crap="1" count="5"/>
        <line num="21" type="stmt" count="5"/>
        <line num="22" type="stmt" count="5"/>
        <line num="23" type="stmt" count="5"/>
        <line num="24" type="stmt" count="5"/>
        <line num="26" type="method" name="addTrick" visibility="public" complexity="2" crap="6.00" count="0"/>
        <line num="28" type="stmt" count="0"/>
        <line num="30" type="stmt" count="0"/>
        <line num="31" type="stmt" count="0"/>
        <line num="33" type="stmt" count="0"/>
        <line num="34" type="stmt" count="0"/>
        <line num="35" type="stmt" count="0"/>
        <line num="37" type="stmt" count="0"/>
        <line num="38" type="stmt" count="0"/>
        <line num="42" type="stmt" count="0"/>
        <line num="45" type="stmt" count="0"/>
        <line num="46" type="stmt" count="0"/>
        <line num="49" type="stmt" count="0"/>
        <line num="50" type="stmt" count="0"/>
        <line num="52" type="method" name="editTrick" visibility="public" complexity="4" crap="20.00" count="0"/>
        <line num="54" type="stmt" count="0"/>
        <line num="56" type="stmt" count="0"/>
        <line num="57" type="stmt" count="0"/>
        <line num="60" type="stmt" count="0"/>
        <line num="62" type="stmt" count="0"/>
        <line num="64" type="stmt" count="0"/>
        <line num="66" type="stmt" count="0"/>
        <line num="68" type="stmt" count="0"/>
        <line num="69" type="stmt" count="0"/>
        <line num="70" type="stmt" count="0"/>
        <line num="72" type="stmt" count="0"/>
        <line num="73" type="stmt" count="0"/>
        <line num="77" type="stmt" count="0"/>
        <line num="80" type="stmt" count="0"/>
        <line num="83" type="stmt" count="0"/>
        <line num="84" type="stmt" count="0"/>
        <line num="86" type="method" name="handleComment" visibility="public" complexity="1" crap="1" count="1"/>
        <line num="88" type="stmt" count="1"/>
        <line num="89" type="stmt" count="1"/>
        <line num="90" type="stmt" count="1"/>
        <line num="91" type="stmt" count="1"/>
        <line num="93" type="method" name="deleteTrick" visibility="public" complexity="4" crap="20.00" count="0"/>
        <line num="96" type="stmt" count="0"/>
        <line num="97" type="stmt" count="0"/>
        <line num="100" type="stmt" count="0"/>
        <line num="102" type="stmt" count="0"/>
        <line num="104" type="stmt" count="0"/>
        <line num="106" type="stmt" count="0"/>
        <line num="110" type="stmt" count="0"/>
        <line num="111" type="stmt" count="0"/>
        <line num="113" type="stmt" count="0"/>
        <line num="114" type="stmt" count="0"/>
        <metrics loc="114" ncloc="104" classes="1" methods="5" coveredmethods="2" conditionals="0" coveredconditionals="0" statements="47" coveredstatements="8" elements="52" coveredelements="10"/>
      </file>
      <file name="/home/fjean/dev/projets-openClassrooms/dev_app/drafts/P6/snowtriks/src/Service/UserData.php">
        <class name="App\Service\UserData" namespace="App\Service">
          <metrics complexity="8" methods="6" coveredmethods="0" conditionals="0" coveredconditionals="0" statements="55" coveredstatements="0" elements="61" coveredelements="0"/>
        </class>
        <line num="22" type="method" name="__construct" visibility="public" complexity="1" crap="2.00" count="0"/>
        <line num="31" type="stmt" count="0"/>
        <line num="32" type="stmt" count="0"/>
        <line num="33" type="stmt" count="0"/>
        <line num="34" type="stmt" count="0"/>
        <line num="35" type="stmt" count="0"/>
        <line num="36" type="stmt" count="0"/>
        <line num="37" type="stmt" count="0"/>
        <line num="39" type="method" name="userRegistration" visibility="public" complexity="1" crap="2.00" count="0"/>
        <line num="41" type="stmt" count="0"/>
        <line num="42" type="stmt" count="0"/>
        <line num="43" type="stmt" count="0"/>
        <line num="45" type="stmt" count="0"/>
        <line num="46" type="stmt" count="0"/>
        <line num="47" type="stmt" count="0"/>
        <line num="48" type="stmt" count="0"/>
        <line num="49" type="stmt" count="0"/>
        <line num="50" type="stmt" count="0"/>
        <line num="51" type="stmt" count="0"/>
        <line num="53" type="method" name="uploadAvatar" visibility="public" complexity="1" crap="2.00" count="0"/>
        <line num="55" type="stmt" count="0"/>
        <line num="56" type="stmt" count="0"/>
        <line num="57" type="stmt" count="0"/>
        <line num="58" type="stmt" count="0"/>
        <line num="59" type="stmt" count="0"/>
        <line num="61" type="stmt" count="0"/>
        <line num="62" type="stmt" count="0"/>
        <line num="66" type="stmt" count="0"/>
        <line num="67" type="stmt" count="0"/>
        <line num="68" type="stmt" count="0"/>
        <line num="69" type="stmt" count="0"/>
        <line num="71" type="method" name="accountActivator" visibility="public" complexity="1" crap="2.00" count="0"/>
        <line num="73" type="stmt" count="0"/>
        <line num="74" type="stmt" count="0"/>
        <line num="75" type="stmt" count="0"/>
        <line num="76" type="stmt" count="0"/>
        <line num="77" type="stmt" count="0"/>
        <line num="78" type="stmt" count="0"/>
        <line num="80" type="method" name="checkUser" visibility="public" complexity="3" crap="12.00" count="0"/>
        <line num="83" type="stmt" count="0"/>
        <line num="85" type="stmt" count="0"/>
        <line num="87" type="stmt" count="0"/>
        <line num="88" type="stmt" count="0"/>
        <line num="91" type="stmt" count="0"/>
        <line num="95" type="stmt" count="0"/>
        <line num="96" type="stmt" count="0"/>
        <line num="97" type="stmt" count="0"/>
        <line num="99" type="stmt" count="0"/>
        <line num="101" type="stmt" count="0"/>
        <line num="102" type="stmt" count="0"/>
        <line num="103" type="stmt" count="0"/>
        <line num="105" type="stmt" count="0"/>
        <line num="107" type="stmt" count="0"/>
        <line num="109" type="method" name="resetToken" visibility="public" complexity="1" crap="2.00" count="0"/>
        <line num="111" type="stmt" count="0"/>
        <line num="112" type="stmt" count="0"/>
        <line num="113" type="stmt" count="0"/>
        <line num="116" type="stmt" count="0"/>
        <line num="117" type="stmt" count="0"/>
        <line num="119" type="stmt" count="0"/>
        <line num="120" type="stmt" count="0"/>
        <metrics loc="120" ncloc="110" classes="1" methods="6" coveredmethods="0" conditionals="0" coveredconditionals="0" statements="55" coveredstatements="0" elements="61" coveredelements="0"/>
      </file>
      <file name="/home/fjean/dev/projets-openClassrooms/dev_app/drafts/P6/snowtriks/src/Service/ValidationMail.php">
        <class name="App\Service\ValidationMail" namespace="App\Service">
          <metrics complexity="3" methods="3" coveredmethods="0" conditionals="0" coveredconditionals="0" statements="20" coveredstatements="0" elements="23" coveredelements="0"/>
        </class>
        <line num="17" type="method" name="__construct" visibility="public" complexity="1" crap="2.00" count="0"/>
        <line num="19" type="stmt" count="0"/>
        <line num="20" type="stmt" count="0"/>
        <line num="22" type="method" name="sendEmail" visibility="public" complexity="1" crap="2.00" count="0"/>
        <line num="24" type="stmt" count="0"/>
        <line num="25" type="stmt" count="0"/>
        <line num="26" type="stmt" count="0"/>
        <line num="27" type="stmt" count="0"/>
        <line num="30" type="stmt" count="0"/>
        <line num="33" type="stmt" count="0"/>
        <line num="34" type="stmt" count="0"/>
        <line num="38" type="stmt" count="0"/>
        <line num="39" type="stmt" count="0"/>
        <line num="41" type="method" name="sendResetEmail" visibility="public" complexity="1" crap="2.00" count="0"/>
        <line num="43" type="stmt" count="0"/>
        <line num="44" type="stmt" count="0"/>
        <line num="45" type="stmt" count="0"/>
        <line num="46" type="stmt" count="0"/>
        <line num="49" type="stmt" count="0"/>
        <line num="52" type="stmt" count="0"/>
        <line num="53" type="stmt" count="0"/>
        <line num="57" type="stmt" count="0"/>
        <line num="58" type="stmt" count="0"/>
        <metrics loc="58" ncloc="47" classes="1" methods="3" coveredmethods="0" conditionals="0" coveredconditionals="0" statements="20" coveredstatements="0" elements="23" coveredelements="0"/>
      </file>
    </package>
    <package name="App\Validator\Constraints">
      <file name="/home/fjean/dev/projets-openClassrooms/dev_app/drafts/P6/snowtriks/src/Validator/Constraints/SlugExists.php">
        <class name="App\Validator\Constraints\SlugExists" namespace="App\Validator\Constraints">
          <metrics complexity="2" methods="2" coveredmethods="0" conditionals="0" coveredconditionals="0" statements="2" coveredstatements="0" elements="4" coveredelements="0"/>
        </class>
        <line num="14" type="method" name="getTargets" visibility="public" complexity="1" crap="2.00" count="0"/>
        <line num="16" type="stmt" count="0"/>
        <line num="22" type="method" name="validatedBy" visibility="public" complexity="1" crap="2.00" count="0"/>
        <line num="24" type="stmt" count="0"/>
        <metrics loc="25" ncloc="19" classes="1" methods="2" coveredmethods="0" conditionals="0" coveredconditionals="0" statements="2" coveredstatements="0" elements="4" coveredelements="0"/>
      </file>
      <file name="/home/fjean/dev/projets-openClassrooms/dev_app/drafts/P6/snowtriks/src/Validator/Constraints/SlugExistsValidator.php">
        <class name="App\Validator\Constraints\SlugExistsValidator" namespace="App\Validator\Constraints">
          <metrics complexity="3" methods="2" coveredmethods="0" conditionals="0" coveredconditionals="0" statements="6" coveredstatements="0" elements="8" coveredelements="0"/>
        </class>
        <line num="13" type="method" name="__construct" visibility="public" complexity="1" crap="2.00" count="0"/>
        <line num="15" type="stmt" count="0"/>
        <line num="16" type="stmt" count="0"/>
        <line num="21" type="method" name="validate" visibility="public" complexity="2" crap="6.00" count="0"/>
        <line num="23" type="stmt" count="0"/>
        <line num="25" type="stmt" count="0"/>
        <line num="26" type="stmt" count="0"/>
        <line num="29" type="stmt" count="0"/>
        <metrics loc="29" ncloc="26" classes="1" methods="2" coveredmethods="0" conditionals="0" coveredconditionals="0" statements="6" coveredstatements="0" elements="8" coveredelements="0"/>
      </file>
    </package>
    <metrics files="32" loc="2504" ncloc="1987" classes="32" methods="151" coveredmethods="58" conditionals="0" coveredconditionals="0" statements="600" coveredstatements="173" elements="751" coveredelements="231"/>
  </project>
</coverage>
